-------------------------------------------------------------------------------
Test set: com.example.demo.FundooNoteMicroserviceApplicationTests
-------------------------------------------------------------------------------
Tests run: 1, Failures: 0, Errors: 1, Skipped: 0, Time elapsed: 0.711 s <<< FAILURE! - in com.example.demo.FundooNoteMicroserviceApplicationTests
initializationError(com.example.demo.FundooNoteMicroserviceApplicationTests)  Time elapsed: 0.006 s  <<< ERROR!
java.lang.IllegalStateException: Unable to find a @SpringBootConfiguration, you need to use @ContextConfiguration or @SpringBootTest(classes=...) with your test

