<?xml version="1.0" encoding="UTF-8"?>
<testsuite xmlns:xsi="http://www.w3.org/2001/XMLSchema-instance" xsi:noNamespaceSchemaLocation="https://maven.apache.org/surefire/maven-surefire-plugin/xsd/surefire-test-report.xsd" name="com.example.demo.FundooNoteMicroserviceApplicationTests" time="0.711" tests="1" errors="1" skipped="0" failures="0">
  <properties>
[...]
</properties>
  <testcase name="initializationError" classname="com.example.demo.FundooNoteMicroserviceApplicationTests" time="0.006">
    <error message="Unable to find a @SpringBootConfiguration, you need to use @ContextConfiguration or @SpringBootTest(classes=...) with your test" type="java.lang.IllegalStateException">java.lang.IllegalStateException: Unable to find a @SpringBootConfiguration, you need to use @ContextConfiguration or @SpringBootTest(classes=...) with your test
</error>
    <system-out><![CDATA[12:01:41.476 [main] DEBUG org.springframework.test.context.junit4.SpringJUnit4ClassRunner - SpringJUnit4ClassRunner constructor called with [class com.example.demo.FundooNoteMicroserviceApplicationTests]
12:01:41.482 [main] DEBUG org.springframework.test.context.BootstrapUtils - Instantiating CacheAwareContextLoaderDelegate from class [org.springframework.test.context.cache.DefaultCacheAwareContextLoaderDelegate]
12:01:41.530 [main] DEBUG org.springframework.test.context.BootstrapUtils - Instantiating BootstrapContext using constructor [public org.springframework.test.context.support.DefaultBootstrapContext(java.lang.Class,org.springframework.test.context.CacheAwareContextLoaderDelegate)]
12:01:41.547 [main] DEBUG org.springframework.test.context.BootstrapUtils - Instantiating TestContextBootstrapper for test class [com.example.demo.FundooNoteMicroserviceApplicationTests] from class [org.springframework.boot.test.context.SpringBootTestContextBootstrapper]
12:01:41.600 [main] INFO org.springframework.boot.test.context.SpringBootTestContextBootstrapper - Neither @ContextConfiguration nor @ContextHierarchy found for test class [com.example.demo.FundooNoteMicroserviceApplicationTests], using SpringBootContextLoader
12:01:41.604 [main] DEBUG org.springframework.test.context.support.AbstractContextLoader - Did not detect default resource location for test class [com.example.demo.FundooNoteMicroserviceApplicationTests]: class path resource [com/example/demo/FundooNoteMicroserviceApplicationTests-context.xml] does not exist
12:01:41.604 [main] DEBUG org.springframework.test.context.support.AbstractContextLoader - Did not detect default resource location for test class [com.example.demo.FundooNoteMicroserviceApplicationTests]: class path resource [com/example/demo/FundooNoteMicroserviceApplicationTestsContext.groovy] does not exist
12:01:41.605 [main] INFO org.springframework.test.context.support.AbstractContextLoader - Could not detect default resource locations for test class [com.example.demo.FundooNoteMicroserviceApplicationTests]: no resource found for suffixes {-context.xml, Context.groovy}.
12:01:41.605 [main] INFO org.springframework.test.context.support.AnnotationConfigContextLoaderUtils - Could not detect default configuration classes for test class [com.example.demo.FundooNoteMicroserviceApplicationTests]: FundooNoteMicroserviceApplicationTests does not declare any static, non-private, non-final, nested classes annotated with @Configuration.
12:01:41.730 [main] DEBUG org.springframework.test.context.support.ActiveProfilesUtils - Could not find an 'annotation declaring class' for annotation type [org.springframework.test.context.ActiveProfiles] and class [com.example.demo.FundooNoteMicroserviceApplicationTests]
12:01:41.737 [main] DEBUG org.springframework.core.env.StandardEnvironment - Adding PropertySource 'systemProperties' with lowest search precedence
12:01:41.737 [main] DEBUG org.springframework.core.env.StandardEnvironment - Adding PropertySource 'systemEnvironment' with lowest search precedence
12:01:41.738 [main] DEBUG org.springframework.core.env.StandardEnvironment - Initialized StandardEnvironment with PropertySources [MapPropertySource@2032188048 {name='systemProperties', properties={java.runtime.name=Java(TM) SE Runtime Environment, sun.boot.library.path=/usr/lib/jvm/java-8-oracle/jre/lib/amd64, java.vm.version=25.171-b11, java.vm.vendor=Oracle Corporation, java.vendor.url=http://java.oracle.com/, path.separator=:, java.vm.name=Java HotSpot(TM) 64-Bit Server VM, file.encoding.pkg=sun.io, user.country=IN, sun.java.launcher=SUN_STANDARD, sun.os.patch.level=unknown, java.vm.specification.name=Java Virtual Machine Specification, user.dir=/home/bridgelabz/swetalina/Fundoonotes/FundooNoteMicroservice, java.runtime.version=1.8.0_171-b11, basedir=/home/bridgelabz/swetalina/Fundoonotes/FundooNoteMicroservice, java.awt.graphicsenv=sun.awt.X11GraphicsEnvironment, java.endorsed.dirs=/usr/lib/jvm/java-8-oracle/jre/lib/endorsed, os.arch=amd64, surefire.real.class.path=/home/bridgelabz/swetalina/Fundoonotes/FundooNoteMicroservice/target/surefire/surefirebooter6669847710971194316.jar, java.io.tmpdir=/tmp, line.separator=
, java.vm.specification.vendor=Oracle Corporation, os.name=Linux, sun.jnu.encoding=UTF-8, java.library.path=/usr/java/packages/lib/amd64:/usr/lib64:/lib64:/lib:/usr/lib, surefire.test.class.path=/home/bridgelabz/swetalina/Fundoonotes/FundooNoteMicroservice/target/test-classes:/home/bridgelabz/swetalina/Fundoonotes/FundooNoteMicroservice/target/classes:/home/bridgelabz/.m2/repository/org/springframework/boot/spring-boot-starter-web/2.0.4.RELEASE/spring-boot-starter-web-2.0.4.RELEASE.jar:/home/bridgelabz/.m2/repository/org/springframework/boot/spring-boot-starter/2.0.4.RELEASE/spring-boot-starter-2.0.4.RELEASE.jar:/home/bridgelabz/.m2/repository/org/springframework/boot/spring-boot/2.0.4.RELEASE/spring-boot-2.0.4.RELEASE.jar:/home/bridgelabz/.m2/repository/org/springframework/boot/spring-boot-autoconfigure/2.0.4.RELEASE/spring-boot-autoconfigure-2.0.4.RELEASE.jar:/home/bridgelabz/.m2/repository/org/springframework/boot/spring-boot-starter-logging/2.0.4.RELEASE/spring-boot-starter-logging-2.0.4.RELEASE.jar:/home/bridgelabz/.m2/repository/ch/qos/logback/logback-classic/1.2.3/logback-classic-1.2.3.jar:/home/bridgelabz/.m2/repository/ch/qos/logback/logback-core/1.2.3/logback-core-1.2.3.jar:/home/bridgelabz/.m2/repository/org/apache/logging/log4j/log4j-to-slf4j/2.10.0/log4j-to-slf4j-2.10.0.jar:/home/bridgelabz/.m2/repository/org/slf4j/jul-to-slf4j/1.7.25/jul-to-slf4j-1.7.25.jar:/home/bridgelabz/.m2/repository/javax/annotation/javax.annotation-api/1.3.2/javax.annotation-api-1.3.2.jar:/home/bridgelabz/.m2/repository/org/yaml/snakeyaml/1.19/snakeyaml-1.19.jar:/home/bridgelabz/.m2/repository/org/springframework/boot/spring-boot-starter-json/2.0.4.RELEASE/spring-boot-starter-json-2.0.4.RELEASE.jar:/home/bridgelabz/.m2/repository/com/fasterxml/jackson/datatype/jackson-datatype-jdk8/2.9.6/jackson-datatype-jdk8-2.9.6.jar:/home/bridgelabz/.m2/repository/com/fasterxml/jackson/datatype/jackson-datatype-jsr310/2.9.6/jackson-datatype-jsr310-2.9.6.jar:/home/bridgelabz/.m2/repository/com/fasterxml/jackson/module/jackson-module-parameter-names/2.9.6/jackson-module-parameter-names-2.9.6.jar:/home/bridgelabz/.m2/repository/org/springframework/boot/spring-boot-starter-tomcat/2.0.4.RELEASE/spring-boot-starter-tomcat-2.0.4.RELEASE.jar:/home/bridgelabz/.m2/repository/org/apache/tomcat/embed/tomcat-embed-core/8.5.32/tomcat-embed-core-8.5.32.jar:/home/bridgelabz/.m2/repository/org/apache/tomcat/embed/tomcat-embed-el/8.5.32/tomcat-embed-el-8.5.32.jar:/home/bridgelabz/.m2/repository/org/apache/tomcat/embed/tomcat-embed-websocket/8.5.32/tomcat-embed-websocket-8.5.32.jar:/home/bridgelabz/.m2/repository/org/hibernate/validator/hibernate-validator/6.0.11.Final/hibernate-validator-6.0.11.Final.jar:/home/bridgelabz/.m2/repository/javax/validation/validation-api/2.0.1.Final/validation-api-2.0.1.Final.jar:/home/bridgelabz/.m2/repository/org/jboss/logging/jboss-logging/3.3.2.Final/jboss-logging-3.3.2.Final.jar:/home/bridgelabz/.m2/repository/org/springframework/spring-web/5.0.8.RELEASE/spring-web-5.0.8.RELEASE.jar:/home/bridgelabz/.m2/repository/org/springframework/cloud/spring-cloud-starter-netflix-eureka-client/2.0.1.RELEASE/spring-cloud-starter-netflix-eureka-client-2.0.1.RELEASE.jar:/home/bridgelabz/.m2/repository/org/springframework/cloud/spring-cloud-starter/2.0.1.RELEASE/spring-cloud-starter-2.0.1.RELEASE.jar:/home/bridgelabz/.m2/repository/org/springframework/cloud/spring-cloud-context/2.0.1.RELEASE/spring-cloud-context-2.0.1.RELEASE.jar:/home/bridgelabz/.m2/repository/org/springframework/security/spring-security-crypto/5.0.7.RELEASE/spring-security-crypto-5.0.7.RELEASE.jar:/home/bridgelabz/.m2/repository/org/springframework/cloud/spring-cloud-commons/2.0.1.RELEASE/spring-cloud-commons-2.0.1.RELEASE.jar:/home/bridgelabz/.m2/repository/org/springframework/security/spring-security-rsa/1.0.5.RELEASE/spring-security-rsa-1.0.5.RELEASE.jar:/home/bridgelabz/.m2/repository/org/bouncycastle/bcpkix-jdk15on/1.56/bcpkix-jdk15on-1.56.jar:/home/bridgelabz/.m2/repository/org/bouncycastle/bcprov-jdk15on/1.56/bcprov-jdk15on-1.56.jar:/home/bridgelabz/.m2/repository/org/springframework/cloud/spring-cloud-netflix-core/2.0.1.RELEASE/spring-cloud-netflix-core-2.0.1.RELEASE.jar:/home/bridgelabz/.m2/repository/org/springframework/boot/spring-boot-starter-aop/2.0.4.RELEASE/spring-boot-starter-aop-2.0.4.RELEASE.jar:/home/bridgelabz/.m2/repository/org/aspectj/aspectjweaver/1.8.13/aspectjweaver-1.8.13.jar:/home/bridgelabz/.m2/repository/org/springframework/cloud/spring-cloud-netflix-eureka-client/2.0.1.RELEASE/spring-cloud-netflix-eureka-client-2.0.1.RELEASE.jar:/home/bridgelabz/.m2/repository/com/netflix/eureka/eureka-client/1.9.3/eureka-client-1.9.3.jar:/home/bridgelabz/.m2/repository/org/codehaus/jettison/jettison/1.3.7/jettison-1.3.7.jar:/home/bridgelabz/.m2/repository/stax/stax-api/1.0.1/stax-api-1.0.1.jar:/home/bridgelabz/.m2/repository/com/netflix/netflix-commons/netflix-eventbus/0.3.0/netflix-eventbus-0.3.0.jar:/home/bridgelabz/.m2/repository/com/netflix/netflix-commons/netflix-infix/0.3.0/netflix-infix-0.3.0.jar:/home/bridgelabz/.m2/repository/commons-jxpath/commons-jxpath/1.3/commons-jxpath-1.3.jar:/home/bridgelabz/.m2/repository/org/antlr/antlr-runtime/3.4/antlr-runtime-3.4.jar:/home/bridgelabz/.m2/repository/org/antlr/stringtemplate/3.2.1/stringtemplate-3.2.1.jar:/home/bridgelabz/.m2/repository/antlr/antlr/2.7.7/antlr-2.7.7.jar:/home/bridgelabz/.m2/repository/com/google/code/gson/gson/2.8.5/gson-2.8.5.jar:/home/bridgelabz/.m2/repository/org/apache/commons/commons-math/2.2/commons-math-2.2.jar:/home/bridgelabz/.m2/repository/com/netflix/archaius/archaius-core/0.7.6/archaius-core-0.7.6.jar:/home/bridgelabz/.m2/repository/javax/ws/rs/jsr311-api/1.1.1/jsr311-api-1.1.1.jar:/home/bridgelabz/.m2/repository/com/netflix/servo/servo-core/0.12.21/servo-core-0.12.21.jar:/home/bridgelabz/.m2/repository/com/sun/jersey/jersey-core/1.19.1/jersey-core-1.19.1.jar:/home/bridgelabz/.m2/repository/com/sun/jersey/jersey-client/1.19.1/jersey-client-1.19.1.jar:/home/bridgelabz/.m2/repository/com/sun/jersey/contribs/jersey-apache-client4/1.19.1/jersey-apache-client4-1.19.1.jar:/home/bridgelabz/.m2/repository/org/apache/httpcomponents/httpclient/4.5.6/httpclient-4.5.6.jar:/home/bridgelabz/.m2/repository/org/apache/httpcomponents/httpcore/4.4.10/httpcore-4.4.10.jar:/home/bridgelabz/.m2/repository/commons-codec/commons-codec/1.11/commons-codec-1.11.jar:/home/bridgelabz/.m2/repository/com/google/inject/guice/4.1.0/guice-4.1.0.jar:/home/bridgelabz/.m2/repository/aopalliance/aopalliance/1.0/aopalliance-1.0.jar:/home/bridgelabz/.m2/repository/com/github/vlsi/compactmap/compactmap/1.2.1/compactmap-1.2.1.jar:/home/bridgelabz/.m2/repository/com/github/andrewoma/dexx/dexx-collections/0.2/dexx-collections-0.2.jar:/home/bridgelabz/.m2/repository/com/fasterxml/jackson/core/jackson-annotations/2.9.0/jackson-annotations-2.9.0.jar:/home/bridgelabz/.m2/repository/com/fasterxml/jackson/core/jackson-core/2.9.6/jackson-core-2.9.6.jar:/home/bridgelabz/.m2/repository/com/netflix/eureka/eureka-core/1.9.3/eureka-core-1.9.3.jar:/home/bridgelabz/.m2/repository/org/codehaus/woodstox/woodstox-core-asl/4.4.1/woodstox-core-asl-4.4.1.jar:/home/bridgelabz/.m2/repository/javax/xml/stream/stax-api/1.0-2/stax-api-1.0-2.jar:/home/bridgelabz/.m2/repository/org/codehaus/woodstox/stax2-api/3.1.4/stax2-api-3.1.4.jar:/home/bridgelabz/.m2/repository/org/springframework/cloud/spring-cloud-starter-netflix-archaius/2.0.1.RELEASE/spring-cloud-starter-netflix-archaius-2.0.1.RELEASE.jar:/home/bridgelabz/.m2/repository/org/springframework/cloud/spring-cloud-netflix-ribbon/2.0.1.RELEASE/spring-cloud-netflix-ribbon-2.0.1.RELEASE.jar:/home/bridgelabz/.m2/repository/org/springframework/cloud/spring-cloud-netflix-archaius/2.0.1.RELEASE/spring-cloud-netflix-archaius-2.0.1.RELEASE.jar:/home/bridgelabz/.m2/repository/commons-configuration/commons-configuration/1.8/commons-configuration-1.8.jar:/home/bridgelabz/.m2/repository/commons-lang/commons-lang/2.6/commons-lang-2.6.jar:/home/bridgelabz/.m2/repository/org/springframework/cloud/spring-cloud-starter-netflix-ribbon/2.0.1.RELEASE/spring-cloud-starter-netflix-ribbon-2.0.1.RELEASE.jar:/home/bridgelabz/.m2/repository/com/netflix/ribbon/ribbon/2.2.5/ribbon-2.2.5.jar:/home/bridgelabz/.m2/repository/com/netflix/ribbon/ribbon-transport/2.2.5/ribbon-transport-2.2.5.jar:/home/bridgelabz/.m2/repository/io/reactivex/rxnetty-contexts/0.4.9/rxnetty-contexts-0.4.9.jar:/home/bridgelabz/.m2/repository/io/reactivex/rxnetty-servo/0.4.9/rxnetty-servo-0.4.9.jar:/home/bridgelabz/.m2/repository/com/netflix/hystrix/hystrix-core/1.5.12/hystrix-core-1.5.12.jar:/home/bridgelabz/.m2/repository/org/hdrhistogram/HdrHistogram/2.1.9/HdrHistogram-2.1.9.jar:/home/bridgelabz/.m2/repository/io/reactivex/rxnetty/0.4.9/rxnetty-0.4.9.jar:/home/bridgelabz/.m2/repository/io/netty/netty-transport-native-epoll/4.1.27.Final/netty-transport-native-epoll-4.1.27.Final.jar:/home/bridgelabz/.m2/repository/io/netty/netty-transport-native-unix-common/4.1.27.Final/netty-transport-native-unix-common-4.1.27.Final.jar:/home/bridgelabz/.m2/repository/com/netflix/ribbon/ribbon-core/2.2.5/ribbon-core-2.2.5.jar:/home/bridgelabz/.m2/repository/com/netflix/ribbon/ribbon-httpclient/2.2.5/ribbon-httpclient-2.2.5.jar:/home/bridgelabz/.m2/repository/commons-collections/commons-collections/3.2.2/commons-collections-3.2.2.jar:/home/bridgelabz/.m2/repository/com/netflix/netflix-commons/netflix-commons-util/0.3.0/netflix-commons-util-0.3.0.jar:/home/bridgelabz/.m2/repository/com/netflix/ribbon/ribbon-loadbalancer/2.2.5/ribbon-loadbalancer-2.2.5.jar:/home/bridgelabz/.m2/repository/com/netflix/netflix-commons/netflix-statistics/0.1.1/netflix-statistics-0.1.1.jar:/home/bridgelabz/.m2/repository/io/reactivex/rxjava/1.3.8/rxjava-1.3.8.jar:/home/bridgelabz/.m2/repository/com/netflix/ribbon/ribbon-eureka/2.2.5/ribbon-eureka-2.2.5.jar:/home/bridgelabz/.m2/repository/com/thoughtworks/xstream/xstream/1.4.10/xstream-1.4.10.jar:/home/bridgelabz/.m2/repository/xmlpull/xmlpull/1.1.3.1/xmlpull-1.1.3.1.jar:/home/bridgelabz/.m2/repository/xpp3/xpp3_min/1.1.4c/xpp3_min-1.1.4c.jar:/home/bridgelabz/.m2/repository/org/springframework/cloud/spring-cloud-starter-netflix-eureka-server/2.0.1.RELEASE/spring-cloud-starter-netflix-eureka-server-2.0.1.RELEASE.jar:/home/bridgelabz/.m2/repository/org/springframework/cloud/spring-cloud-netflix-eureka-server/2.0.1.RELEASE/spring-cloud-netflix-eureka-server-2.0.1.RELEASE.jar:/home/bridgelabz/.m2/repository/org/springframework/boot/spring-boot-starter-actuator/2.0.4.RELEASE/spring-boot-starter-actuator-2.0.4.RELEASE.jar:/home/bridgelabz/.m2/repository/org/springframework/boot/spring-boot-actuator-autoconfigure/2.0.4.RELEASE/spring-boot-actuator-autoconfigure-2.0.4.RELEASE.jar:/home/bridgelabz/.m2/repository/org/springframework/boot/spring-boot-actuator/2.0.4.RELEASE/spring-boot-actuator-2.0.4.RELEASE.jar:/home/bridgelabz/.m2/repository/io/micrometer/micrometer-core/1.0.6/micrometer-core-1.0.6.jar:/home/bridgelabz/.m2/repository/org/latencyutils/LatencyUtils/2.0.3/LatencyUtils-2.0.3.jar:/home/bridgelabz/.m2/repository/org/springframework/boot/spring-boot-starter-freemarker/2.0.4.RELEASE/spring-boot-starter-freemarker-2.0.4.RELEASE.jar:/home/bridgelabz/.m2/repository/org/freemarker/freemarker/2.3.28/freemarker-2.3.28.jar:/home/bridgelabz/.m2/repository/com/sun/jersey/jersey-servlet/1.19.1/jersey-servlet-1.19.1.jar:/home/bridgelabz/.m2/repository/com/sun/jersey/jersey-server/1.19.1/jersey-server-1.19.1.jar:/home/bridgelabz/.m2/repository/javax/inject/javax.inject/1/javax.inject-1.jar:/home/bridgelabz/.m2/repository/com/fasterxml/jackson/dataformat/jackson-dataformat-xml/2.9.6/jackson-dataformat-xml-2.9.6.jar:/home/bridgelabz/.m2/repository/com/fasterxml/jackson/module/jackson-module-jaxb-annotations/2.9.6/jackson-module-jaxb-annotations-2.9.6.jar:/home/bridgelabz/.m2/repository/com/fasterxml/woodstox/woodstox-core/5.0.3/woodstox-core-5.0.3.jar:/home/bridgelabz/.m2/repository/org/springframework/boot/spring-boot-starter-test/2.0.4.RELEASE/spring-boot-starter-test-2.0.4.RELEASE.jar:/home/bridgelabz/.m2/repository/org/springframework/boot/spring-boot-test/2.0.4.RELEASE/spring-boot-test-2.0.4.RELEASE.jar:/home/bridgelabz/.m2/repository/org/springframework/boot/spring-boot-test-autoconfigure/2.0.4.RELEASE/spring-boot-test-autoconfigure-2.0.4.RELEASE.jar:/home/bridgelabz/.m2/repository/com/jayway/jsonpath/json-path/2.4.0/json-path-2.4.0.jar:/home/bridgelabz/.m2/repository/net/minidev/json-smart/2.3/json-smart-2.3.jar:/home/bridgelabz/.m2/repository/net/minidev/accessors-smart/1.2/accessors-smart-1.2.jar:/home/bridgelabz/.m2/repository/org/ow2/asm/asm/5.0.4/asm-5.0.4.jar:/home/bridgelabz/.m2/repository/junit/junit/4.12/junit-4.12.jar:/home/bridgelabz/.m2/repository/org/assertj/assertj-core/3.9.1/assertj-core-3.9.1.jar:/home/bridgelabz/.m2/repository/org/hamcrest/hamcrest-core/1.3/hamcrest-core-1.3.jar:/home/bridgelabz/.m2/repository/org/hamcrest/hamcrest-library/1.3/hamcrest-library-1.3.jar:/home/bridgelabz/.m2/repository/org/skyscreamer/jsonassert/1.5.0/jsonassert-1.5.0.jar:/home/bridgelabz/.m2/repository/com/vaadin/external/google/android-json/0.0.20131108.vaadin1/android-json-0.0.20131108.vaadin1.jar:/home/bridgelabz/.m2/repository/org/springframework/spring-core/5.0.8.RELEASE/spring-core-5.0.8.RELEASE.jar:/home/bridgelabz/.m2/repository/org/springframework/spring-jcl/5.0.8.RELEASE/spring-jcl-5.0.8.RELEASE.jar:/home/bridgelabz/.m2/repository/org/springframework/spring-test/5.0.8.RELEASE/spring-test-5.0.8.RELEASE.jar:/home/bridgelabz/.m2/repository/org/xmlunit/xmlunit-core/2.5.1/xmlunit-core-2.5.1.jar:/home/bridgelabz/.m2/repository/org/springframework/boot/spring-boot-starter-data-mongodb/2.0.4.RELEASE/spring-boot-starter-data-mongodb-2.0.4.RELEASE.jar:/home/bridgelabz/.m2/repository/org/mongodb/mongodb-driver/3.6.4/mongodb-driver-3.6.4.jar:/home/bridgelabz/.m2/repository/org/mongodb/bson/3.6.4/bson-3.6.4.jar:/home/bridgelabz/.m2/repository/org/mongodb/mongodb-driver-core/3.6.4/mongodb-driver-core-3.6.4.jar:/home/bridgelabz/.m2/repository/org/springframework/data/spring-data-mongodb/2.0.9.RELEASE/spring-data-mongodb-2.0.9.RELEASE.jar:/home/bridgelabz/.m2/repository/org/springframework/data/spring-data-commons/2.0.9.RELEASE/spring-data-commons-2.0.9.RELEASE.jar:/home/bridgelabz/.m2/repository/org/modelmapper/modelmapper/2.1.0/modelmapper-2.1.0.jar:/home/bridgelabz/.m2/repository/org/springframework/security/spring-security-core/5.0.7.RELEASE/spring-security-core-5.0.7.RELEASE.jar:/home/bridgelabz/.m2/repository/org/springframework/spring-aop/5.0.8.RELEASE/spring-aop-5.0.8.RELEASE.jar:/home/bridgelabz/.m2/repository/org/springframework/spring-beans/5.0.8.RELEASE/spring-beans-5.0.8.RELEASE.jar:/home/bridgelabz/.m2/repository/org/springframework/spring-context/5.0.8.RELEASE/spring-context-5.0.8.RELEASE.jar:/home/bridgelabz/.m2/repository/org/springframework/spring-expression/5.0.8.RELEASE/spring-expression-5.0.8.RELEASE.jar:/home/bridgelabz/.m2/repository/io/springfox/springfox-swagger2/2.4.0/springfox-swagger2-2.4.0.jar:/home/bridgelabz/.m2/repository/io/swagger/swagger-annotations/1.5.6/swagger-annotations-1.5.6.jar:/home/bridgelabz/.m2/repository/io/swagger/swagger-models/1.5.6/swagger-models-1.5.6.jar:/home/bridgelabz/.m2/repository/io/springfox/springfox-spi/2.4.0/springfox-spi-2.4.0.jar:/home/bridgelabz/.m2/repository/io/springfox/springfox-core/2.4.0/springfox-core-2.4.0.jar:/home/bridgelabz/.m2/repository/io/springfox/springfox-schema/2.4.0/springfox-schema-2.4.0.jar:/home/bridgelabz/.m2/repository/io/springfox/springfox-swagger-common/2.4.0/springfox-swagger-common-2.4.0.jar:/home/bridgelabz/.m2/repository/io/springfox/springfox-spring-web/2.4.0/springfox-spring-web-2.4.0.jar:/home/bridgelabz/.m2/repository/com/google/guava/guava/18.0/guava-18.0.jar:/home/bridgelabz/.m2/repository/com/fasterxml/classmate/1.3.4/classmate-1.3.4.jar:/home/bridgelabz/.m2/repository/org/slf4j/slf4j-api/1.7.25/slf4j-api-1.7.25.jar:/home/bridgelabz/.m2/repository/org/springframework/plugin/spring-plugin-core/1.2.0.RELEASE/spring-plugin-core-1.2.0.RELEASE.jar:/home/bridgelabz/.m2/repository/org/springframework/plugin/spring-plugin-metadata/1.2.0.RELEASE/spring-plugin-metadata-1.2.0.RELEASE.jar:/home/bridgelabz/.m2/repository/io/springfox/springfox-swagger-ui/2.4.0/springfox-swagger-ui-2.4.0.jar:/home/bridgelabz/.m2/repository/io/jsonwebtoken/jjwt/0.9.0/jjwt-0.9.0.jar:/home/bridgelabz/.m2/repository/com/fasterxml/jackson/core/jackson-databind/2.9.6/jackson-databind-2.9.6.jar:/home/bridgelabz/.m2/repository/org/springframework/boot/spring-boot-starter-mail/2.0.4.RELEASE/spring-boot-starter-mail-2.0.4.RELEASE.jar:/home/bridgelabz/.m2/repository/org/springframework/spring-context-support/5.0.8.RELEASE/spring-context-support-5.0.8.RELEASE.jar:/home/bridgelabz/.m2/repository/com/sun/mail/javax.mail/1.6.1/javax.mail-1.6.1.jar:/home/bridgelabz/.m2/repository/javax/activation/activation/1.1/activation-1.1.jar:/home/bridgelabz/.m2/repository/com/rabbitmq/amqp-client/5.1.2/amqp-client-5.1.2.jar:/home/bridgelabz/.m2/repository/org/springframework/boot/spring-boot-starter-amqp/2.0.4.RELEASE/spring-boot-starter-amqp-2.0.4.RELEASE.jar:/home/bridgelabz/.m2/repository/org/springframework/spring-messaging/5.0.8.RELEASE/spring-messaging-5.0.8.RELEASE.jar:/home/bridgelabz/.m2/repository/org/springframework/amqp/spring-rabbit/2.0.5.RELEASE/spring-rabbit-2.0.5.RELEASE.jar:/home/bridgelabz/.m2/repository/org/springframework/amqp/spring-amqp/2.0.5.RELEASE/spring-amqp-2.0.5.RELEASE.jar:/home/bridgelabz/.m2/repository/org/springframework/retry/spring-retry/1.2.2.RELEASE/spring-retry-1.2.2.RELEASE.jar:/home/bridgelabz/.m2/repository/org/springframework/spring-webmvc/5.0.8.RELEASE/spring-webmvc-5.0.8.RELEASE.jar:/home/bridgelabz/.m2/repository/org/mockito/mockito-core/2.15.0/mockito-core-2.15.0.jar:/home/bridgelabz/.m2/repository/net/bytebuddy/byte-buddy/1.7.11/byte-buddy-1.7.11.jar:/home/bridgelabz/.m2/repository/net/bytebuddy/byte-buddy-agent/1.7.11/byte-buddy-agent-1.7.11.jar:/home/bridgelabz/.m2/repository/org/objenesis/objenesis/2.6/objenesis-2.6.jar:/home/bridgelabz/.m2/repository/org/springframework/boot/spring-boot-starter-data-elasticsearch/2.0.4.RELEASE/spring-boot-starter-data-elasticsearch-2.0.4.RELEASE.jar:/home/bridgelabz/.m2/repository/org/springframework/data/spring-data-elasticsearch/3.0.9.RELEASE/spring-data-elasticsearch-3.0.9.RELEASE.jar:/home/bridgelabz/.m2/repository/joda-time/joda-time/2.9.9/joda-time-2.9.9.jar:/home/bridgelabz/.m2/repository/org/elasticsearch/client/transport/5.6.10/transport-5.6.10.jar:/home/bridgelabz/.m2/repository/org/elasticsearch/elasticsearch/5.6.10/elasticsearch-5.6.10.jar:/home/bridgelabz/.m2/repository/org/apache/lucene/lucene-core/6.6.1/lucene-core-6.6.1.jar:/home/bridgelabz/.m2/repository/org/apache/lucene/lucene-analyzers-common/6.6.1/lucene-analyzers-common-6.6.1.jar:/home/bridgelabz/.m2/repository/org/apache/lucene/lucene-backward-codecs/6.6.1/lucene-backward-codecs-6.6.1.jar:/home/bridgelabz/.m2/repository/org/apache/lucene/lucene-grouping/6.6.1/lucene-grouping-6.6.1.jar:/home/bridgelabz/.m2/repository/org/apache/lucene/lucene-highlighter/6.6.1/lucene-highlighter-6.6.1.jar:/home/bridgelabz/.m2/repository/org/apache/lucene/lucene-join/6.6.1/lucene-join-6.6.1.jar:/home/bridgelabz/.m2/repository/org/apache/lucene/lucene-memory/6.6.1/lucene-memory-6.6.1.jar:/home/bridgelabz/.m2/repository/org/apache/lucene/lucene-misc/6.6.1/lucene-misc-6.6.1.jar:/home/bridgelabz/.m2/repository/org/apache/lucene/lucene-queries/6.6.1/lucene-queries-6.6.1.jar:/home/bridgelabz/.m2/repository/org/apache/lucene/lucene-queryparser/6.6.1/lucene-queryparser-6.6.1.jar:/home/bridgelabz/.m2/repository/org/apache/lucene/lucene-sandbox/6.6.1/lucene-sandbox-6.6.1.jar:/home/bridgelabz/.m2/repository/org/apache/lucene/lucene-spatial/6.6.1/lucene-spatial-6.6.1.jar:/home/bridgelabz/.m2/repository/org/apache/lucene/lucene-spatial-extras/6.6.1/lucene-spatial-extras-6.6.1.jar:/home/bridgelabz/.m2/repository/org/apache/lucene/lucene-spatial3d/6.6.1/lucene-spatial3d-6.6.1.jar:/home/bridgelabz/.m2/repository/org/apache/lucene/lucene-suggest/6.6.1/lucene-suggest-6.6.1.jar:/home/bridgelabz/.m2/repository/org/elasticsearch/securesm/1.2/securesm-1.2.jar:/home/bridgelabz/.m2/repository/net/sf/jopt-simple/jopt-simple/5.0.2/jopt-simple-5.0.2.jar:/home/bridgelabz/.m2/repository/com/carrotsearch/hppc/0.7.1/hppc-0.7.1.jar:/home/bridgelabz/.m2/repository/com/fasterxml/jackson/dataformat/jackson-dataformat-smile/2.9.6/jackson-dataformat-smile-2.9.6.jar:/home/bridgelabz/.m2/repository/com/fasterxml/jackson/dataformat/jackson-dataformat-yaml/2.9.6/jackson-dataformat-yaml-2.9.6.jar:/home/bridgelabz/.m2/repository/com/fasterxml/jackson/dataformat/jackson-dataformat-cbor/2.9.6/jackson-dataformat-cbor-2.9.6.jar:/home/bridgelabz/.m2/repository/com/tdunning/t-digest/3.0/t-digest-3.0.jar:/home/bridgelabz/.m2/repository/org/elasticsearch/plugin/reindex-client/5.6.10/reindex-client-5.6.10.jar:/home/bridgelabz/.m2/repository/org/elasticsearch/client/elasticsearch-rest-client/5.6.10/elasticsearch-rest-client-5.6.10.jar:/home/bridgelabz/.m2/repository/org/apache/httpcomponents/httpasyncclient/4.1.3/httpasyncclient-4.1.3.jar:/home/bridgelabz/.m2/repository/org/apache/httpcomponents/httpcore-nio/4.4.10/httpcore-nio-4.4.10.jar:/home/bridgelabz/.m2/repository/org/elasticsearch/plugin/lang-mustache-client/5.6.10/lang-mustache-client-5.6.10.jar:/home/bridgelabz/.m2/repository/com/github/spullara/mustache/java/compiler/0.9.3/compiler-0.9.3.jar:/home/bridgelabz/.m2/repository/org/elasticsearch/plugin/percolator-client/5.6.10/percolator-client-5.6.10.jar:/home/bridgelabz/.m2/repository/org/elasticsearch/plugin/parent-join-client/5.6.10/parent-join-client-5.6.10.jar:/home/bridgelabz/.m2/repository/org/elasticsearch/plugin/transport-netty4-client/5.6.10/transport-netty4-client-5.6.10.jar:/home/bridgelabz/.m2/repository/io/netty/netty-buffer/4.1.27.Final/netty-buffer-4.1.27.Final.jar:/home/bridgelabz/.m2/repository/io/netty/netty-codec/4.1.27.Final/netty-codec-4.1.27.Final.jar:/home/bridgelabz/.m2/repository/io/netty/netty-codec-http/4.1.27.Final/netty-codec-http-4.1.27.Final.jar:/home/bridgelabz/.m2/repository/io/netty/netty-common/4.1.27.Final/netty-common-4.1.27.Final.jar:/home/bridgelabz/.m2/repository/io/netty/netty-handler/4.1.27.Final/netty-handler-4.1.27.Final.jar:/home/bridgelabz/.m2/repository/io/netty/netty-resolver/4.1.27.Final/netty-resolver-4.1.27.Final.jar:/home/bridgelabz/.m2/repository/io/netty/netty-transport/4.1.27.Final/netty-transport-4.1.27.Final.jar:/home/bridgelabz/.m2/repository/org/locationtech/spatial4j/spatial4j/0.6/spatial4j-0.6.jar:/home/bridgelabz/.m2/repository/com/vividsolutions/jts/1.13/jts-1.13.jar:/home/bridgelabz/.m2/repository/org/apache/logging/log4j/log4j-api/2.10.0/log4j-api-2.10.0.jar:/home/bridgelabz/.m2/repository/org/elasticsearch/jna/4.4.0-1/jna-4.4.0-1.jar:/home/bridgelabz/.m2/repository/org/springframework/data/spring-data-redis/2.0.9.RELEASE/spring-data-redis-2.0.9.RELEASE.jar:/home/bridgelabz/.m2/repository/org/springframework/data/spring-data-keyvalue/2.0.9.RELEASE/spring-data-keyvalue-2.0.9.RELEASE.jar:/home/bridgelabz/.m2/repository/org/springframework/spring-tx/5.0.8.RELEASE/spring-tx-5.0.8.RELEASE.jar:/home/bridgelabz/.m2/repository/org/springframework/spring-oxm/5.0.8.RELEASE/spring-oxm-5.0.8.RELEASE.jar:/home/bridgelabz/.m2/repository/redis/clients/jedis/2.9.0/jedis-2.9.0.jar:/home/bridgelabz/.m2/repository/org/apache/commons/commons-pool2/2.5.0/commons-pool2-2.5.0.jar:/home/bridgelabz/.m2/repository/org/jsoup/jsoup/1.8.3/jsoup-1.8.3.jar:, java.specification.name=Java Platform API Specification, java.class.version=52.0, sun.management.compiler=HotSpot 64-Bit Tiered Compilers, os.version=4.15.0-30-generic, user.home=/home/bridgelabz, user.timezone=Asia/Kolkata, java.awt.printerjob=sun.print.PSPrinterJob, file.encoding=UTF-8, java.specification.version=1.8, java.class.path=/home/bridgelabz/swetalina/Fundoonotes/FundooNoteMicroservice/target/test-classes:/home/bridgelabz/swetalina/Fundoonotes/FundooNoteMicroservice/target/classes:/home/bridgelabz/.m2/repository/org/springframework/boot/spring-boot-starter-web/2.0.4.RELEASE/spring-boot-starter-web-2.0.4.RELEASE.jar:/home/bridgelabz/.m2/repository/org/springframework/boot/spring-boot-starter/2.0.4.RELEASE/spring-boot-starter-2.0.4.RELEASE.jar:/home/bridgelabz/.m2/repository/org/springframework/boot/spring-boot/2.0.4.RELEASE/spring-boot-2.0.4.RELEASE.jar:/home/bridgelabz/.m2/repository/org/springframework/boot/spring-boot-autoconfigure/2.0.4.RELEASE/spring-boot-autoconfigure-2.0.4.RELEASE.jar:/home/bridgelabz/.m2/repository/org/springframework/boot/spring-boot-starter-logging/2.0.4.RELEASE/spring-boot-starter-logging-2.0.4.RELEASE.jar:/home/bridgelabz/.m2/repository/ch/qos/logback/logback-classic/1.2.3/logback-classic-1.2.3.jar:/home/bridgelabz/.m2/repository/ch/qos/logback/logback-core/1.2.3/logback-core-1.2.3.jar:/home/bridgelabz/.m2/repository/org/apache/logging/log4j/log4j-to-slf4j/2.10.0/log4j-to-slf4j-2.10.0.jar:/home/bridgelabz/.m2/repository/org/slf4j/jul-to-slf4j/1.7.25/jul-to-slf4j-1.7.25.jar:/home/bridgelabz/.m2/repository/javax/annotation/javax.annotation-api/1.3.2/javax.annotation-api-1.3.2.jar:/home/bridgelabz/.m2/repository/org/yaml/snakeyaml/1.19/snakeyaml-1.19.jar:/home/bridgelabz/.m2/repository/org/springframework/boot/spring-boot-starter-json/2.0.4.RELEASE/spring-boot-starter-json-2.0.4.RELEASE.jar:/home/bridgelabz/.m2/repository/com/fasterxml/jackson/datatype/jackson-datatype-jdk8/2.9.6/jackson-datatype-jdk8-2.9.6.jar:/home/bridgelabz/.m2/repository/com/fasterxml/jackson/datatype/jackson-datatype-jsr310/2.9.6/jackson-datatype-jsr310-2.9.6.jar:/home/bridgelabz/.m2/repository/com/fasterxml/jackson/module/jackson-module-parameter-names/2.9.6/jackson-module-parameter-names-2.9.6.jar:/home/bridgelabz/.m2/repository/org/springframework/boot/spring-boot-starter-tomcat/2.0.4.RELEASE/spring-boot-starter-tomcat-2.0.4.RELEASE.jar:/home/bridgelabz/.m2/repository/org/apache/tomcat/embed/tomcat-embed-core/8.5.32/tomcat-embed-core-8.5.32.jar:/home/bridgelabz/.m2/repository/org/apache/tomcat/embed/tomcat-embed-el/8.5.32/tomcat-embed-el-8.5.32.jar:/home/bridgelabz/.m2/repository/org/apache/tomcat/embed/tomcat-embed-websocket/8.5.32/tomcat-embed-websocket-8.5.32.jar:/home/bridgelabz/.m2/repository/org/hibernate/validator/hibernate-validator/6.0.11.Final/hibernate-validator-6.0.11.Final.jar:/home/bridgelabz/.m2/repository/javax/validation/validation-api/2.0.1.Final/validation-api-2.0.1.Final.jar:/home/bridgelabz/.m2/repository/org/jboss/logging/jboss-logging/3.3.2.Final/jboss-logging-3.3.2.Final.jar:/home/bridgelabz/.m2/repository/org/springframework/spring-web/5.0.8.RELEASE/spring-web-5.0.8.RELEASE.jar:/home/bridgelabz/.m2/repository/org/springframework/cloud/spring-cloud-starter-netflix-eureka-client/2.0.1.RELEASE/spring-cloud-starter-netflix-eureka-client-2.0.1.RELEASE.jar:/home/bridgelabz/.m2/repository/org/springframework/cloud/spring-cloud-starter/2.0.1.RELEASE/spring-cloud-starter-2.0.1.RELEASE.jar:/home/bridgelabz/.m2/repository/org/springframework/cloud/spring-cloud-context/2.0.1.RELEASE/spring-cloud-context-2.0.1.RELEASE.jar:/home/bridgelabz/.m2/repository/org/springframework/security/spring-security-crypto/5.0.7.RELEASE/spring-security-crypto-5.0.7.RELEASE.jar:/home/bridgelabz/.m2/repository/org/springframework/cloud/spring-cloud-commons/2.0.1.RELEASE/spring-cloud-commons-2.0.1.RELEASE.jar:/home/bridgelabz/.m2/repository/org/springframework/security/spring-security-rsa/1.0.5.RELEASE/spring-security-rsa-1.0.5.RELEASE.jar:/home/bridgelabz/.m2/repository/org/bouncycastle/bcpkix-jdk15on/1.56/bcpkix-jdk15on-1.56.jar:/home/bridgelabz/.m2/repository/org/bouncycastle/bcprov-jdk15on/1.56/bcprov-jdk15on-1.56.jar:/home/bridgelabz/.m2/repository/org/springframework/cloud/spring-cloud-netflix-core/2.0.1.RELEASE/spring-cloud-netflix-core-2.0.1.RELEASE.jar:/home/bridgelabz/.m2/repository/org/springframework/boot/spring-boot-starter-aop/2.0.4.RELEASE/spring-boot-starter-aop-2.0.4.RELEASE.jar:/home/bridgelabz/.m2/repository/org/aspectj/aspectjweaver/1.8.13/aspectjweaver-1.8.13.jar:/home/bridgelabz/.m2/repository/org/springframework/cloud/spring-cloud-netflix-eureka-client/2.0.1.RELEASE/spring-cloud-netflix-eureka-client-2.0.1.RELEASE.jar:/home/bridgelabz/.m2/repository/com/netflix/eureka/eureka-client/1.9.3/eureka-client-1.9.3.jar:/home/bridgelabz/.m2/repository/org/codehaus/jettison/jettison/1.3.7/jettison-1.3.7.jar:/home/bridgelabz/.m2/repository/stax/stax-api/1.0.1/stax-api-1.0.1.jar:/home/bridgelabz/.m2/repository/com/netflix/netflix-commons/netflix-eventbus/0.3.0/netflix-eventbus-0.3.0.jar:/home/bridgelabz/.m2/repository/com/netflix/netflix-commons/netflix-infix/0.3.0/netflix-infix-0.3.0.jar:/home/bridgelabz/.m2/repository/commons-jxpath/commons-jxpath/1.3/commons-jxpath-1.3.jar:/home/bridgelabz/.m2/repository/org/antlr/antlr-runtime/3.4/antlr-runtime-3.4.jar:/home/bridgelabz/.m2/repository/org/antlr/stringtemplate/3.2.1/stringtemplate-3.2.1.jar:/home/bridgelabz/.m2/repository/antlr/antlr/2.7.7/antlr-2.7.7.jar:/home/bridgelabz/.m2/repository/com/google/code/gson/gson/2.8.5/gson-2.8.5.jar:/home/bridgelabz/.m2/repository/org/apache/commons/commons-math/2.2/commons-math-2.2.jar:/home/bridgelabz/.m2/repository/com/netflix/archaius/archaius-core/0.7.6/archaius-core-0.7.6.jar:/home/bridgelabz/.m2/repository/javax/ws/rs/jsr311-api/1.1.1/jsr311-api-1.1.1.jar:/home/bridgelabz/.m2/repository/com/netflix/servo/servo-core/0.12.21/servo-core-0.12.21.jar:/home/bridgelabz/.m2/repository/com/sun/jersey/jersey-core/1.19.1/jersey-core-1.19.1.jar:/home/bridgelabz/.m2/repository/com/sun/jersey/jersey-client/1.19.1/jersey-client-1.19.1.jar:/home/bridgelabz/.m2/repository/com/sun/jersey/contribs/jersey-apache-client4/1.19.1/jersey-apache-client4-1.19.1.jar:/home/bridgelabz/.m2/repository/org/apache/httpcomponents/httpclient/4.5.6/httpclient-4.5.6.jar:/home/bridgelabz/.m2/repository/org/apache/httpcomponents/httpcore/4.4.10/httpcore-4.4.10.jar:/home/bridgelabz/.m2/repository/commons-codec/commons-codec/1.11/commons-codec-1.11.jar:/home/bridgelabz/.m2/repository/com/google/inject/guice/4.1.0/guice-4.1.0.jar:/home/bridgelabz/.m2/repository/aopalliance/aopalliance/1.0/aopalliance-1.0.jar:/home/bridgelabz/.m2/repository/com/github/vlsi/compactmap/compactmap/1.2.1/compactmap-1.2.1.jar:/home/bridgelabz/.m2/repository/com/github/andrewoma/dexx/dexx-collections/0.2/dexx-collections-0.2.jar:/home/bridgelabz/.m2/repository/com/fasterxml/jackson/core/jackson-annotations/2.9.0/jackson-annotations-2.9.0.jar:/home/bridgelabz/.m2/repository/com/fasterxml/jackson/core/jackson-core/2.9.6/jackson-core-2.9.6.jar:/home/bridgelabz/.m2/repository/com/netflix/eureka/eureka-core/1.9.3/eureka-core-1.9.3.jar:/home/bridgelabz/.m2/repository/org/codehaus/woodstox/woodstox-core-asl/4.4.1/woodstox-core-asl-4.4.1.jar:/home/bridgelabz/.m2/repository/javax/xml/stream/stax-api/1.0-2/stax-api-1.0-2.jar:/home/bridgelabz/.m2/repository/org/codehaus/woodstox/stax2-api/3.1.4/stax2-api-3.1.4.jar:/home/bridgelabz/.m2/repository/org/springframework/cloud/spring-cloud-starter-netflix-archaius/2.0.1.RELEASE/spring-cloud-starter-netflix-archaius-2.0.1.RELEASE.jar:/home/bridgelabz/.m2/repository/org/springframework/cloud/spring-cloud-netflix-ribbon/2.0.1.RELEASE/spring-cloud-netflix-ribbon-2.0.1.RELEASE.jar:/home/bridgelabz/.m2/repository/org/springframework/cloud/spring-cloud-netflix-archaius/2.0.1.RELEASE/spring-cloud-netflix-archaius-2.0.1.RELEASE.jar:/home/bridgelabz/.m2/repository/commons-configuration/commons-configuration/1.8/commons-configuration-1.8.jar:/home/bridgelabz/.m2/repository/commons-lang/commons-lang/2.6/commons-lang-2.6.jar:/home/bridgelabz/.m2/repository/org/springframework/cloud/spring-cloud-starter-netflix-ribbon/2.0.1.RELEASE/spring-cloud-starter-netflix-ribbon-2.0.1.RELEASE.jar:/home/bridgelabz/.m2/repository/com/netflix/ribbon/ribbon/2.2.5/ribbon-2.2.5.jar:/home/bridgelabz/.m2/repository/com/netflix/ribbon/ribbon-transport/2.2.5/ribbon-transport-2.2.5.jar:/home/bridgelabz/.m2/repository/io/reactivex/rxnetty-contexts/0.4.9/rxnetty-contexts-0.4.9.jar:/home/bridgelabz/.m2/repository/io/reactivex/rxnetty-servo/0.4.9/rxnetty-servo-0.4.9.jar:/home/bridgelabz/.m2/repository/com/netflix/hystrix/hystrix-core/1.5.12/hystrix-core-1.5.12.jar:/home/bridgelabz/.m2/repository/org/hdrhistogram/HdrHistogram/2.1.9/HdrHistogram-2.1.9.jar:/home/bridgelabz/.m2/repository/io/reactivex/rxnetty/0.4.9/rxnetty-0.4.9.jar:/home/bridgelabz/.m2/repository/io/netty/netty-transport-native-epoll/4.1.27.Final/netty-transport-native-epoll-4.1.27.Final.jar:/home/bridgelabz/.m2/repository/io/netty/netty-transport-native-unix-common/4.1.27.Final/netty-transport-native-unix-common-4.1.27.Final.jar:/home/bridgelabz/.m2/repository/com/netflix/ribbon/ribbon-core/2.2.5/ribbon-core-2.2.5.jar:/home/bridgelabz/.m2/repository/com/netflix/ribbon/ribbon-httpclient/2.2.5/ribbon-httpclient-2.2.5.jar:/home/bridgelabz/.m2/repository/commons-collections/commons-collections/3.2.2/commons-collections-3.2.2.jar:/home/bridgelabz/.m2/repository/com/netflix/netflix-commons/netflix-commons-util/0.3.0/netflix-commons-util-0.3.0.jar:/home/bridgelabz/.m2/repository/com/netflix/ribbon/ribbon-loadbalancer/2.2.5/ribbon-loadbalancer-2.2.5.jar:/home/bridgelabz/.m2/repository/com/netflix/netflix-commons/netflix-statistics/0.1.1/netflix-statistics-0.1.1.jar:/home/bridgelabz/.m2/repository/io/reactivex/rxjava/1.3.8/rxjava-1.3.8.jar:/home/bridgelabz/.m2/repository/com/netflix/ribbon/ribbon-eureka/2.2.5/ribbon-eureka-2.2.5.jar:/home/bridgelabz/.m2/repository/com/thoughtworks/xstream/xstream/1.4.10/xstream-1.4.10.jar:/home/bridgelabz/.m2/repository/xmlpull/xmlpull/1.1.3.1/xmlpull-1.1.3.1.jar:/home/bridgelabz/.m2/repository/xpp3/xpp3_min/1.1.4c/xpp3_min-1.1.4c.jar:/home/bridgelabz/.m2/repository/org/springframework/cloud/spring-cloud-starter-netflix-eureka-server/2.0.1.RELEASE/spring-cloud-starter-netflix-eureka-server-2.0.1.RELEASE.jar:/home/bridgelabz/.m2/repository/org/springframework/cloud/spring-cloud-netflix-eureka-server/2.0.1.RELEASE/spring-cloud-netflix-eureka-server-2.0.1.RELEASE.jar:/home/bridgelabz/.m2/repository/org/springframework/boot/spring-boot-starter-actuator/2.0.4.RELEASE/spring-boot-starter-actuator-2.0.4.RELEASE.jar:/home/bridgelabz/.m2/repository/org/springframework/boot/spring-boot-actuator-autoconfigure/2.0.4.RELEASE/spring-boot-actuator-autoconfigure-2.0.4.RELEASE.jar:/home/bridgelabz/.m2/repository/org/springframework/boot/spring-boot-actuator/2.0.4.RELEASE/spring-boot-actuator-2.0.4.RELEASE.jar:/home/bridgelabz/.m2/repository/io/micrometer/micrometer-core/1.0.6/micrometer-core-1.0.6.jar:/home/bridgelabz/.m2/repository/org/latencyutils/LatencyUtils/2.0.3/LatencyUtils-2.0.3.jar:/home/bridgelabz/.m2/repository/org/springframework/boot/spring-boot-starter-freemarker/2.0.4.RELEASE/spring-boot-starter-freemarker-2.0.4.RELEASE.jar:/home/bridgelabz/.m2/repository/org/freemarker/freemarker/2.3.28/freemarker-2.3.28.jar:/home/bridgelabz/.m2/repository/com/sun/jersey/jersey-servlet/1.19.1/jersey-servlet-1.19.1.jar:/home/bridgelabz/.m2/repository/com/sun/jersey/jersey-server/1.19.1/jersey-server-1.19.1.jar:/home/bridgelabz/.m2/repository/javax/inject/javax.inject/1/javax.inject-1.jar:/home/bridgelabz/.m2/repository/com/fasterxml/jackson/dataformat/jackson-dataformat-xml/2.9.6/jackson-dataformat-xml-2.9.6.jar:/home/bridgelabz/.m2/repository/com/fasterxml/jackson/module/jackson-module-jaxb-annotations/2.9.6/jackson-module-jaxb-annotations-2.9.6.jar:/home/bridgelabz/.m2/repository/com/fasterxml/woodstox/woodstox-core/5.0.3/woodstox-core-5.0.3.jar:/home/bridgelabz/.m2/repository/org/springframework/boot/spring-boot-starter-test/2.0.4.RELEASE/spring-boot-starter-test-2.0.4.RELEASE.jar:/home/bridgelabz/.m2/repository/org/springframework/boot/spring-boot-test/2.0.4.RELEASE/spring-boot-test-2.0.4.RELEASE.jar:/home/bridgelabz/.m2/repository/org/springframework/boot/spring-boot-test-autoconfigure/2.0.4.RELEASE/spring-boot-test-autoconfigure-2.0.4.RELEASE.jar:/home/bridgelabz/.m2/repository/com/jayway/jsonpath/json-path/2.4.0/json-path-2.4.0.jar:/home/bridgelabz/.m2/repository/net/minidev/json-smart/2.3/json-smart-2.3.jar:/home/bridgelabz/.m2/repository/net/minidev/accessors-smart/1.2/accessors-smart-1.2.jar:/home/bridgelabz/.m2/repository/org/ow2/asm/asm/5.0.4/asm-5.0.4.jar:/home/bridgelabz/.m2/repository/junit/junit/4.12/junit-4.12.jar:/home/bridgelabz/.m2/repository/org/assertj/assertj-core/3.9.1/assertj-core-3.9.1.jar:/home/bridgelabz/.m2/repository/org/hamcrest/hamcrest-core/1.3/hamcrest-core-1.3.jar:/home/bridgelabz/.m2/repository/org/hamcrest/hamcrest-library/1.3/hamcrest-library-1.3.jar:/home/bridgelabz/.m2/repository/org/skyscreamer/jsonassert/1.5.0/jsonassert-1.5.0.jar:/home/bridgelabz/.m2/repository/com/vaadin/external/google/android-json/0.0.20131108.vaadin1/android-json-0.0.20131108.vaadin1.jar:/home/bridgelabz/.m2/repository/org/springframework/spring-core/5.0.8.RELEASE/spring-core-5.0.8.RELEASE.jar:/home/bridgelabz/.m2/repository/org/springframework/spring-jcl/5.0.8.RELEASE/spring-jcl-5.0.8.RELEASE.jar:/home/bridgelabz/.m2/repository/org/springframework/spring-test/5.0.8.RELEASE/spring-test-5.0.8.RELEASE.jar:/home/bridgelabz/.m2/repository/org/xmlunit/xmlunit-core/2.5.1/xmlunit-core-2.5.1.jar:/home/bridgelabz/.m2/repository/org/springframework/boot/spring-boot-starter-data-mongodb/2.0.4.RELEASE/spring-boot-starter-data-mongodb-2.0.4.RELEASE.jar:/home/bridgelabz/.m2/repository/org/mongodb/mongodb-driver/3.6.4/mongodb-driver-3.6.4.jar:/home/bridgelabz/.m2/repository/org/mongodb/bson/3.6.4/bson-3.6.4.jar:/home/bridgelabz/.m2/repository/org/mongodb/mongodb-driver-core/3.6.4/mongodb-driver-core-3.6.4.jar:/home/bridgelabz/.m2/repository/org/springframework/data/spring-data-mongodb/2.0.9.RELEASE/spring-data-mongodb-2.0.9.RELEASE.jar:/home/bridgelabz/.m2/repository/org/springframework/data/spring-data-commons/2.0.9.RELEASE/spring-data-commons-2.0.9.RELEASE.jar:/home/bridgelabz/.m2/repository/org/modelmapper/modelmapper/2.1.0/modelmapper-2.1.0.jar:/home/bridgelabz/.m2/repository/org/springframework/security/spring-security-core/5.0.7.RELEASE/spring-security-core-5.0.7.RELEASE.jar:/home/bridgelabz/.m2/repository/org/springframework/spring-aop/5.0.8.RELEASE/spring-aop-5.0.8.RELEASE.jar:/home/bridgelabz/.m2/repository/org/springframework/spring-beans/5.0.8.RELEASE/spring-beans-5.0.8.RELEASE.jar:/home/bridgelabz/.m2/repository/org/springframework/spring-context/5.0.8.RELEASE/spring-context-5.0.8.RELEASE.jar:/home/bridgelabz/.m2/repository/org/springframework/spring-expression/5.0.8.RELEASE/spring-expression-5.0.8.RELEASE.jar:/home/bridgelabz/.m2/repository/io/springfox/springfox-swagger2/2.4.0/springfox-swagger2-2.4.0.jar:/home/bridgelabz/.m2/repository/io/swagger/swagger-annotations/1.5.6/swagger-annotations-1.5.6.jar:/home/bridgelabz/.m2/repository/io/swagger/swagger-models/1.5.6/swagger-models-1.5.6.jar:/home/bridgelabz/.m2/repository/io/springfox/springfox-spi/2.4.0/springfox-spi-2.4.0.jar:/home/bridgelabz/.m2/repository/io/springfox/springfox-core/2.4.0/springfox-core-2.4.0.jar:/home/bridgelabz/.m2/repository/io/springfox/springfox-schema/2.4.0/springfox-schema-2.4.0.jar:/home/bridgelabz/.m2/repository/io/springfox/springfox-swagger-common/2.4.0/springfox-swagger-common-2.4.0.jar:/home/bridgelabz/.m2/repository/io/springfox/springfox-spring-web/2.4.0/springfox-spring-web-2.4.0.jar:/home/bridgelabz/.m2/repository/com/google/guava/guava/18.0/guava-18.0.jar:/home/bridgelabz/.m2/repository/com/fasterxml/classmate/1.3.4/classmate-1.3.4.jar:/home/bridgelabz/.m2/repository/org/slf4j/slf4j-api/1.7.25/slf4j-api-1.7.25.jar:/home/bridgelabz/.m2/repository/org/springframework/plugin/spring-plugin-core/1.2.0.RELEASE/spring-plugin-core-1.2.0.RELEASE.jar:/home/bridgelabz/.m2/repository/org/springframework/plugin/spring-plugin-metadata/1.2.0.RELEASE/spring-plugin-metadata-1.2.0.RELEASE.jar:/home/bridgelabz/.m2/repository/io/springfox/springfox-swagger-ui/2.4.0/springfox-swagger-ui-2.4.0.jar:/home/bridgelabz/.m2/repository/io/jsonwebtoken/jjwt/0.9.0/jjwt-0.9.0.jar:/home/bridgelabz/.m2/repository/com/fasterxml/jackson/core/jackson-databind/2.9.6/jackson-databind-2.9.6.jar:/home/bridgelabz/.m2/repository/org/springframework/boot/spring-boot-starter-mail/2.0.4.RELEASE/spring-boot-starter-mail-2.0.4.RELEASE.jar:/home/bridgelabz/.m2/repository/org/springframework/spring-context-support/5.0.8.RELEASE/spring-context-support-5.0.8.RELEASE.jar:/home/bridgelabz/.m2/repository/com/sun/mail/javax.mail/1.6.1/javax.mail-1.6.1.jar:/home/bridgelabz/.m2/repository/javax/activation/activation/1.1/activation-1.1.jar:/home/bridgelabz/.m2/repository/com/rabbitmq/amqp-client/5.1.2/amqp-client-5.1.2.jar:/home/bridgelabz/.m2/repository/org/springframework/boot/spring-boot-starter-amqp/2.0.4.RELEASE/spring-boot-starter-amqp-2.0.4.RELEASE.jar:/home/bridgelabz/.m2/repository/org/springframework/spring-messaging/5.0.8.RELEASE/spring-messaging-5.0.8.RELEASE.jar:/home/bridgelabz/.m2/repository/org/springframework/amqp/spring-rabbit/2.0.5.RELEASE/spring-rabbit-2.0.5.RELEASE.jar:/home/bridgelabz/.m2/repository/org/springframework/amqp/spring-amqp/2.0.5.RELEASE/spring-amqp-2.0.5.RELEASE.jar:/home/bridgelabz/.m2/repository/org/springframework/retry/spring-retry/1.2.2.RELEASE/spring-retry-1.2.2.RELEASE.jar:/home/bridgelabz/.m2/repository/org/springframework/spring-webmvc/5.0.8.RELEASE/spring-webmvc-5.0.8.RELEASE.jar:/home/bridgelabz/.m2/repository/org/mockito/mockito-core/2.15.0/mockito-core-2.15.0.jar:/home/bridgelabz/.m2/repository/net/bytebuddy/byte-buddy/1.7.11/byte-buddy-1.7.11.jar:/home/bridgelabz/.m2/repository/net/bytebuddy/byte-buddy-agent/1.7.11/byte-buddy-agent-1.7.11.jar:/home/bridgelabz/.m2/repository/org/objenesis/objenesis/2.6/objenesis-2.6.jar:/home/bridgelabz/.m2/repository/org/springframework/boot/spring-boot-starter-data-elasticsearch/2.0.4.RELEASE/spring-boot-starter-data-elasticsearch-2.0.4.RELEASE.jar:/home/bridgelabz/.m2/repository/org/springframework/data/spring-data-elasticsearch/3.0.9.RELEASE/spring-data-elasticsearch-3.0.9.RELEASE.jar:/home/bridgelabz/.m2/repository/joda-time/joda-time/2.9.9/joda-time-2.9.9.jar:/home/bridgelabz/.m2/repository/org/elasticsearch/client/transport/5.6.10/transport-5.6.10.jar:/home/bridgelabz/.m2/repository/org/elasticsearch/elasticsearch/5.6.10/elasticsearch-5.6.10.jar:/home/bridgelabz/.m2/repository/org/apache/lucene/lucene-core/6.6.1/lucene-core-6.6.1.jar:/home/bridgelabz/.m2/repository/org/apache/lucene/lucene-analyzers-common/6.6.1/lucene-analyzers-common-6.6.1.jar:/home/bridgelabz/.m2/repository/org/apache/lucene/lucene-backward-codecs/6.6.1/lucene-backward-codecs-6.6.1.jar:/home/bridgelabz/.m2/repository/org/apache/lucene/lucene-grouping/6.6.1/lucene-grouping-6.6.1.jar:/home/bridgelabz/.m2/repository/org/apache/lucene/lucene-highlighter/6.6.1/lucene-highlighter-6.6.1.jar:/home/bridgelabz/.m2/repository/org/apache/lucene/lucene-join/6.6.1/lucene-join-6.6.1.jar:/home/bridgelabz/.m2/repository/org/apache/lucene/lucene-memory/6.6.1/lucene-memory-6.6.1.jar:/home/bridgelabz/.m2/repository/org/apache/lucene/lucene-misc/6.6.1/lucene-misc-6.6.1.jar:/home/bridgelabz/.m2/repository/org/apache/lucene/lucene-queries/6.6.1/lucene-queries-6.6.1.jar:/home/bridgelabz/.m2/repository/org/apache/lucene/lucene-queryparser/6.6.1/lucene-queryparser-6.6.1.jar:/home/bridgelabz/.m2/repository/org/apache/lucene/lucene-sandbox/6.6.1/lucene-sandbox-6.6.1.jar:/home/bridgelabz/.m2/repository/org/apache/lucene/lucene-spatial/6.6.1/lucene-spatial-6.6.1.jar:/home/bridgelabz/.m2/repository/org/apache/lucene/lucene-spatial-extras/6.6.1/lucene-spatial-extras-6.6.1.jar:/home/bridgelabz/.m2/repository/org/apache/lucene/lucene-spatial3d/6.6.1/lucene-spatial3d-6.6.1.jar:/home/bridgelabz/.m2/repository/org/apache/lucene/lucene-suggest/6.6.1/lucene-suggest-6.6.1.jar:/home/bridgelabz/.m2/repository/org/elasticsearch/securesm/1.2/securesm-1.2.jar:/home/bridgelabz/.m2/repository/net/sf/jopt-simple/jopt-simple/5.0.2/jopt-simple-5.0.2.jar:/home/bridgelabz/.m2/repository/com/carrotsearch/hppc/0.7.1/hppc-0.7.1.jar:/home/bridgelabz/.m2/repository/com/fasterxml/jackson/dataformat/jackson-dataformat-smile/2.9.6/jackson-dataformat-smile-2.9.6.jar:/home/bridgelabz/.m2/repository/com/fasterxml/jackson/dataformat/jackson-dataformat-yaml/2.9.6/jackson-dataformat-yaml-2.9.6.jar:/home/bridgelabz/.m2/repository/com/fasterxml/jackson/dataformat/jackson-dataformat-cbor/2.9.6/jackson-dataformat-cbor-2.9.6.jar:/home/bridgelabz/.m2/repository/com/tdunning/t-digest/3.0/t-digest-3.0.jar:/home/bridgelabz/.m2/repository/org/elasticsearch/plugin/reindex-client/5.6.10/reindex-client-5.6.10.jar:/home/bridgelabz/.m2/repository/org/elasticsearch/client/elasticsearch-rest-client/5.6.10/elasticsearch-rest-client-5.6.10.jar:/home/bridgelabz/.m2/repository/org/apache/httpcomponents/httpasyncclient/4.1.3/httpasyncclient-4.1.3.jar:/home/bridgelabz/.m2/repository/org/apache/httpcomponents/httpcore-nio/4.4.10/httpcore-nio-4.4.10.jar:/home/bridgelabz/.m2/repository/org/elasticsearch/plugin/lang-mustache-client/5.6.10/lang-mustache-client-5.6.10.jar:/home/bridgelabz/.m2/repository/com/github/spullara/mustache/java/compiler/0.9.3/compiler-0.9.3.jar:/home/bridgelabz/.m2/repository/org/elasticsearch/plugin/percolator-client/5.6.10/percolator-client-5.6.10.jar:/home/bridgelabz/.m2/repository/org/elasticsearch/plugin/parent-join-client/5.6.10/parent-join-client-5.6.10.jar:/home/bridgelabz/.m2/repository/org/elasticsearch/plugin/transport-netty4-client/5.6.10/transport-netty4-client-5.6.10.jar:/home/bridgelabz/.m2/repository/io/netty/netty-buffer/4.1.27.Final/netty-buffer-4.1.27.Final.jar:/home/bridgelabz/.m2/repository/io/netty/netty-codec/4.1.27.Final/netty-codec-4.1.27.Final.jar:/home/bridgelabz/.m2/repository/io/netty/netty-codec-http/4.1.27.Final/netty-codec-http-4.1.27.Final.jar:/home/bridgelabz/.m2/repository/io/netty/netty-common/4.1.27.Final/netty-common-4.1.27.Final.jar:/home/bridgelabz/.m2/repository/io/netty/netty-handler/4.1.27.Final/netty-handler-4.1.27.Final.jar:/home/bridgelabz/.m2/repository/io/netty/netty-resolver/4.1.27.Final/netty-resolver-4.1.27.Final.jar:/home/bridgelabz/.m2/repository/io/netty/netty-transport/4.1.27.Final/netty-transport-4.1.27.Final.jar:/home/bridgelabz/.m2/repository/org/locationtech/spatial4j/spatial4j/0.6/spatial4j-0.6.jar:/home/bridgelabz/.m2/repository/com/vividsolutions/jts/1.13/jts-1.13.jar:/home/bridgelabz/.m2/repository/org/apache/logging/log4j/log4j-api/2.10.0/log4j-api-2.10.0.jar:/home/bridgelabz/.m2/repository/org/elasticsearch/jna/4.4.0-1/jna-4.4.0-1.jar:/home/bridgelabz/.m2/repository/org/springframework/data/spring-data-redis/2.0.9.RELEASE/spring-data-redis-2.0.9.RELEASE.jar:/home/bridgelabz/.m2/repository/org/springframework/data/spring-data-keyvalue/2.0.9.RELEASE/spring-data-keyvalue-2.0.9.RELEASE.jar:/home/bridgelabz/.m2/repository/org/springframework/spring-tx/5.0.8.RELEASE/spring-tx-5.0.8.RELEASE.jar:/home/bridgelabz/.m2/repository/org/springframework/spring-oxm/5.0.8.RELEASE/spring-oxm-5.0.8.RELEASE.jar:/home/bridgelabz/.m2/repository/redis/clients/jedis/2.9.0/jedis-2.9.0.jar:/home/bridgelabz/.m2/repository/org/apache/commons/commons-pool2/2.5.0/commons-pool2-2.5.0.jar:/home/bridgelabz/.m2/repository/org/jsoup/jsoup/1.8.3/jsoup-1.8.3.jar:, user.name=bridgelabz, java.vm.specification.version=1.8, sun.java.command=/home/bridgelabz/swetalina/Fundoonotes/FundooNoteMicroservice/target/surefire/surefirebooter6669847710971194316.jar /home/bridgelabz/swetalina/Fundoonotes/FundooNoteMicroservice/target/surefire 2018-08-11T12-01-40_144-jvmRun1 surefire4014535638055024866tmp surefire_07229964980422794659tmp, java.home=/usr/lib/jvm/java-8-oracle/jre, sun.arch.data.model=64, user.language=en, java.specification.vendor=Oracle Corporation, awt.toolkit=sun.awt.X11.XToolkit, java.vm.info=mixed mode, java.version=1.8.0_171, java.ext.dirs=/usr/lib/jvm/java-8-oracle/jre/lib/ext:/usr/java/packages/lib/ext, sun.boot.class.path=/usr/lib/jvm/java-8-oracle/jre/lib/resources.jar:/usr/lib/jvm/java-8-oracle/jre/lib/rt.jar:/usr/lib/jvm/java-8-oracle/jre/lib/sunrsasign.jar:/usr/lib/jvm/java-8-oracle/jre/lib/jsse.jar:/usr/lib/jvm/java-8-oracle/jre/lib/jce.jar:/usr/lib/jvm/java-8-oracle/jre/lib/charsets.jar:/usr/lib/jvm/java-8-oracle/jre/lib/jfr.jar:/usr/lib/jvm/java-8-oracle/jre/classes, java.vendor=Oracle Corporation, localRepository=/home/bridgelabz/.m2/repository, file.separator=/, java.vendor.url.bug=http://bugreport.sun.com/bugreport/, sun.io.unicode.encoding=UnicodeLittle, sun.cpu.endian=little, sun.desktop=gnome, sun.cpu.isalist=}}, SystemEnvironmentPropertySource@112466394 {name='systemEnvironment', properties={PATH=/home/bridgelabz/bin:/home/bridgelabz/.local/bin:/usr/local/sbin:/usr/local/bin:/usr/sbin:/usr/bin:/sbin:/bin:/usr/games:/usr/local/games:/snap/bin:/usr/lib/jvm/java-8-oracle/bin:/usr/lib/jvm/java-8-oracle/db/bin:/usr/lib/jvm/java-8-oracle/jre/bin, XAUTHORITY=/home/bridgelabz/.Xauthority, XMODIFIERS=@im=ibus, XDG_DATA_DIRS=/usr/share/ubuntu:/usr/share/gnome:/usr/local/share:/usr/share:/var/lib/snapd/desktop:/var/lib/snapd/desktop, GDMSESSION=ubuntu, MANDATORY_PATH=/usr/share/gconf/ubuntu.mandatory.path, GTK_IM_MODULE=ibus, DBUS_SESSION_BUS_ADDRESS=unix:abstract=/tmp/dbus-MYNZ2d3MVI, DEFAULTS_PATH=/usr/share/gconf/ubuntu.default.path, XDG_CURRENT_DESKTOP=Unity, UPSTART_SESSION=unix:abstract=/com/ubuntu/upstart-session/1000/1966, QT4_IM_MODULE=xim, SESSION_MANAGER=local/bridgelabz:@/tmp/.ICE-unix/2250,unix/bridgelabz:/tmp/.ICE-unix/2250, QT_LINUX_ACCESSIBILITY_ALWAYS_ON=1, LOGNAME=bridgelabz, JOB=unity-settings-daemon, PWD=/home/bridgelabz/swetalina/Fundoonotes/FundooNoteMicroservice, DERBY_HOME=/usr/lib/jvm/java-8-oracle/db, IM_CONFIG_PHASE=1, LANGUAGE=en_IN:en, mailpwd=dhara1007, SHELL=/bin/bash, UNITY_HAS_3D_SUPPORT=true, GIO_LAUNCHED_DESKTOP_FILE=/home/bridgelabz/.local/share/applications/spring_tool_suite.desktop, GTK2_MODULES=overlay-scrollbar, INSTANCE=, J2SDKDIR=/usr/lib/jvm/java-8-oracle, OLDPWD=/home/bridgelabz/swetalina/Fundoonotes/FundooNoteMicroservice, GNOME_DESKTOP_SESSION_ID=this-is-deprecated, UPSTART_INSTANCE=, GTK_MODULES=gail:atk-bridge:unity-gtk-module, J2REDIR=/usr/lib/jvm/java-8-oracle/jre, GDK_SCALE=1, CLUTTER_IM_MODULE=xim, XDG_SESSION_PATH=/org/freedesktop/DisplayManager/Session0, COMPIZ_BIN_PATH=/usr/bin/, SESSIONTYPE=gnome-session, XDG_SESSION_DESKTOP=ubuntu, SHLVL=0, OXYGEN_DISABLE_INNER_SHADOWS_HACK=1, COMPIZ_CONFIG_PROFILE=ubuntu, QT_IM_MODULE=ibus, UPSTART_JOB=unity7, JAVA_HOME=/usr/lib/jvm/java-8-oracle, XDG_CONFIG_DIRS=/etc/xdg/xdg-ubuntu:/usr/share/upstart/xdg:/etc/xdg, LANG=en_IN, GNOME_KEYRING_CONTROL=, XDG_SEAT_PATH=/org/freedesktop/DisplayManager/Seat0, XDG_SESSION_ID=c2, XDG_SESSION_TYPE=x11, DISPLAY=:0, UNITY_DEFAULT_PROFILE=unity, GDM_LANG=en_US, XDG_GREETER_DATA_DIR=/var/lib/lightdm-data/bridgelabz, UPSTART_EVENTS=xsession started, LIBOVERLAY_SCROLLBAR=0, GPG_AGENT_INFO=/home/bridgelabz/.gnupg/S.gpg-agent:0:1, GDK_CORE_DEVICE_EVENTS=1, DESKTOP_SESSION=ubuntu, SESSION=ubuntu, USER=bridgelabz, XDG_MENU_PREFIX=gnome-, GIO_LAUNCHED_DESKTOP_FILE_PID=2832, QT_ACCESSIBILITY=1, SSH_AUTH_SOCK=/run/user/1000/keyring/ssh, XDG_SEAT=seat0, QT_QPA_PLATFORMTHEME=appmenu-qt5, XDG_VTNR=7, XDG_RUNTIME_DIR=/run/user/1000, HOME=/home/bridgelabz, GNOME_KEYRING_PID=}}]
12:01:41.765 [main] DEBUG org.springframework.core.io.support.PathMatchingResourcePatternResolver - Resolved classpath location [com/example/demo/] to resources [URL [file:/home/bridgelabz/swetalina/Fundoonotes/FundooNoteMicroservice/target/test-classes/com/example/demo/]]
12:01:41.766 [main] DEBUG org.springframework.core.io.support.PathMatchingResourcePatternResolver - Looking for matching resources in directory tree [/home/bridgelabz/swetalina/Fundoonotes/FundooNoteMicroservice/target/test-classes/com/example/demo]
12:01:41.766 [main] DEBUG org.springframework.core.io.support.PathMatchingResourcePatternResolver - Searching directory [/home/bridgelabz/swetalina/Fundoonotes/FundooNoteMicroservice/target/test-classes/com/example/demo] for files matching pattern [/home/bridgelabz/swetalina/Fundoonotes/FundooNoteMicroservice/target/test-classes/com/example/demo/*.class]
12:01:41.768 [main] DEBUG org.springframework.core.io.support.PathMatchingResourcePatternResolver - Resolved location pattern [classpath*:com/example/demo/*.class] to resources [file [/home/bridgelabz/swetalina/Fundoonotes/FundooNoteMicroservice/target/test-classes/com/example/demo/FundooNoteMicroserviceApplicationTests.class]]
12:01:41.813 [main] DEBUG org.springframework.core.io.support.PathMatchingResourcePatternResolver - Resolved classpath location [com/example/] to resources [URL [file:/home/bridgelabz/swetalina/Fundoonotes/FundooNoteMicroservice/target/test-classes/com/example/]]
12:01:41.813 [main] DEBUG org.springframework.core.io.support.PathMatchingResourcePatternResolver - Looking for matching resources in directory tree [/home/bridgelabz/swetalina/Fundoonotes/FundooNoteMicroservice/target/test-classes/com/example]
12:01:41.813 [main] DEBUG org.springframework.core.io.support.PathMatchingResourcePatternResolver - Searching directory [/home/bridgelabz/swetalina/Fundoonotes/FundooNoteMicroservice/target/test-classes/com/example] for files matching pattern [/home/bridgelabz/swetalina/Fundoonotes/FundooNoteMicroservice/target/test-classes/com/example/*.class]
12:01:41.814 [main] DEBUG org.springframework.core.io.support.PathMatchingResourcePatternResolver - Resolved location pattern [classpath*:com/example/*.class] to resources []
12:01:41.816 [main] DEBUG org.springframework.core.io.support.PathMatchingResourcePatternResolver - Resolved classpath location [com/] to resources [URL [file:/home/bridgelabz/swetalina/Fundoonotes/FundooNoteMicroservice/target/test-classes/com/], URL [file:/home/bridgelabz/swetalina/Fundoonotes/FundooNoteMicroservice/target/classes/com/], URL [jar:file:/home/bridgelabz/.m2/repository/com/fasterxml/jackson/datatype/jackson-datatype-jdk8/2.9.6/jackson-datatype-jdk8-2.9.6.jar!/com/], URL [jar:file:/home/bridgelabz/.m2/repository/com/fasterxml/jackson/datatype/jackson-datatype-jsr310/2.9.6/jackson-datatype-jsr310-2.9.6.jar!/com/], URL [jar:file:/home/bridgelabz/.m2/repository/com/fasterxml/jackson/module/jackson-module-parameter-names/2.9.6/jackson-module-parameter-names-2.9.6.jar!/com/], URL [jar:file:/home/bridgelabz/.m2/repository/com/netflix/eureka/eureka-client/1.9.3/eureka-client-1.9.3.jar!/com/], URL [jar:file:/home/bridgelabz/.m2/repository/com/netflix/netflix-commons/netflix-eventbus/0.3.0/netflix-eventbus-0.3.0.jar!/com/], URL [jar:file:/home/bridgelabz/.m2/repository/com/netflix/netflix-commons/netflix-infix/0.3.0/netflix-infix-0.3.0.jar!/com/], URL [jar:file:/home/bridgelabz/.m2/repository/com/google/code/gson/gson/2.8.5/gson-2.8.5.jar!/com/], URL [jar:file:/home/bridgelabz/.m2/repository/com/netflix/archaius/archaius-core/0.7.6/archaius-core-0.7.6.jar!/com/], URL [jar:file:/home/bridgelabz/.m2/repository/com/netflix/servo/servo-core/0.12.21/servo-core-0.12.21.jar!/com/], URL [jar:file:/home/bridgelabz/.m2/repository/com/sun/jersey/jersey-core/1.19.1/jersey-core-1.19.1.jar!/com/], URL [jar:file:/home/bridgelabz/.m2/repository/com/sun/jersey/jersey-client/1.19.1/jersey-client-1.19.1.jar!/com/], URL [jar:file:/home/bridgelabz/.m2/repository/com/sun/jersey/contribs/jersey-apache-client4/1.19.1/jersey-apache-client4-1.19.1.jar!/com/], URL [jar:file:/home/bridgelabz/.m2/repository/com/google/inject/guice/4.1.0/guice-4.1.0.jar!/com/], URL [jar:file:/home/bridgelabz/.m2/repository/com/github/andrewoma/dexx/dexx-collections/0.2/dexx-collections-0.2.jar!/com/], URL [jar:file:/home/bridgelabz/.m2/repository/com/fasterxml/jackson/core/jackson-annotations/2.9.0/jackson-annotations-2.9.0.jar!/com/], URL [jar:file:/home/bridgelabz/.m2/repository/com/fasterxml/jackson/core/jackson-core/2.9.6/jackson-core-2.9.6.jar!/com/], URL [jar:file:/home/bridgelabz/.m2/repository/com/netflix/eureka/eureka-core/1.9.3/eureka-core-1.9.3.jar!/com/], URL [jar:file:/home/bridgelabz/.m2/repository/org/codehaus/woodstox/woodstox-core-asl/4.4.1/woodstox-core-asl-4.4.1.jar!/com/], URL [jar:file:/home/bridgelabz/.m2/repository/com/netflix/ribbon/ribbon/2.2.5/ribbon-2.2.5.jar!/com/], URL [jar:file:/home/bridgelabz/.m2/repository/com/netflix/ribbon/ribbon-transport/2.2.5/ribbon-transport-2.2.5.jar!/com/], URL [jar:file:/home/bridgelabz/.m2/repository/io/reactivex/rxnetty-contexts/0.4.9/rxnetty-contexts-0.4.9.jar!/com/], URL [jar:file:/home/bridgelabz/.m2/repository/com/netflix/hystrix/hystrix-core/1.5.12/hystrix-core-1.5.12.jar!/com/], URL [jar:file:/home/bridgelabz/.m2/repository/com/netflix/ribbon/ribbon-core/2.2.5/ribbon-core-2.2.5.jar!/com/], URL [jar:file:/home/bridgelabz/.m2/repository/com/netflix/ribbon/ribbon-httpclient/2.2.5/ribbon-httpclient-2.2.5.jar!/com/], URL [jar:file:/home/bridgelabz/.m2/repository/com/netflix/netflix-commons/netflix-commons-util/0.3.0/netflix-commons-util-0.3.0.jar!/com/], URL [jar:file:/home/bridgelabz/.m2/repository/com/netflix/ribbon/ribbon-loadbalancer/2.2.5/ribbon-loadbalancer-2.2.5.jar!/com/], URL [jar:file:/home/bridgelabz/.m2/repository/com/netflix/netflix-commons/netflix-statistics/0.1.1/netflix-statistics-0.1.1.jar!/com/], URL [jar:file:/home/bridgelabz/.m2/repository/com/netflix/ribbon/ribbon-eureka/2.2.5/ribbon-eureka-2.2.5.jar!/com/], URL [jar:file:/home/bridgelabz/.m2/repository/com/thoughtworks/xstream/xstream/1.4.10/xstream-1.4.10.jar!/com/], URL [jar:file:/home/bridgelabz/.m2/repository/com/sun/jersey/jersey-servlet/1.19.1/jersey-servlet-1.19.1.jar!/com/], URL [jar:file:/home/bridgelabz/.m2/repository/com/sun/jersey/jersey-server/1.19.1/jersey-server-1.19.1.jar!/com/], URL [jar:file:/home/bridgelabz/.m2/repository/com/fasterxml/jackson/dataformat/jackson-dataformat-xml/2.9.6/jackson-dataformat-xml-2.9.6.jar!/com/], URL [jar:file:/home/bridgelabz/.m2/repository/com/fasterxml/jackson/module/jackson-module-jaxb-annotations/2.9.6/jackson-module-jaxb-annotations-2.9.6.jar!/com/], URL [jar:file:/home/bridgelabz/.m2/repository/com/fasterxml/woodstox/woodstox-core/5.0.3/woodstox-core-5.0.3.jar!/com/], URL [jar:file:/home/bridgelabz/.m2/repository/com/jayway/jsonpath/json-path/2.4.0/json-path-2.4.0.jar!/com/], URL [jar:file:/home/bridgelabz/.m2/repository/org/mongodb/mongodb-driver/3.6.4/mongodb-driver-3.6.4.jar!/com/], URL [jar:file:/home/bridgelabz/.m2/repository/org/mongodb/mongodb-driver-core/3.6.4/mongodb-driver-core-3.6.4.jar!/com/], URL [jar:file:/home/bridgelabz/.m2/repository/com/google/guava/guava/18.0/guava-18.0.jar!/com/], URL [jar:file:/home/bridgelabz/.m2/repository/com/fasterxml/classmate/1.3.4/classmate-1.3.4.jar!/com/], URL [jar:file:/home/bridgelabz/.m2/repository/com/fasterxml/jackson/core/jackson-databind/2.9.6/jackson-databind-2.9.6.jar!/com/], URL [jar:file:/home/bridgelabz/.m2/repository/com/sun/mail/javax.mail/1.6.1/javax.mail-1.6.1.jar!/com/], URL [jar:file:/home/bridgelabz/.m2/repository/javax/activation/activation/1.1/activation-1.1.jar!/com/], URL [jar:file:/home/bridgelabz/.m2/repository/com/rabbitmq/amqp-client/5.1.2/amqp-client-5.1.2.jar!/com/], URL [jar:file:/home/bridgelabz/.m2/repository/com/carrotsearch/hppc/0.7.1/hppc-0.7.1.jar!/com/], URL [jar:file:/home/bridgelabz/.m2/repository/com/fasterxml/jackson/dataformat/jackson-dataformat-smile/2.9.6/jackson-dataformat-smile-2.9.6.jar!/com/], URL [jar:file:/home/bridgelabz/.m2/repository/com/fasterxml/jackson/dataformat/jackson-dataformat-yaml/2.9.6/jackson-dataformat-yaml-2.9.6.jar!/com/], URL [jar:file:/home/bridgelabz/.m2/repository/com/fasterxml/jackson/dataformat/jackson-dataformat-cbor/2.9.6/jackson-dataformat-cbor-2.9.6.jar!/com/], URL [jar:file:/home/bridgelabz/.m2/repository/com/tdunning/t-digest/3.0/t-digest-3.0.jar!/com/], URL [jar:file:/home/bridgelabz/.m2/repository/com/github/spullara/mustache/java/compiler/0.9.3/compiler-0.9.3.jar!/com/], URL [jar:file:/home/bridgelabz/.m2/repository/com/vividsolutions/jts/1.13/jts-1.13.jar!/com/], URL [jar:file:/home/bridgelabz/.m2/repository/org/elasticsearch/jna/4.4.0-1/jna-4.4.0-1.jar!/com/]]
12:01:41.817 [main] DEBUG org.springframework.core.io.support.PathMatchingResourcePatternResolver - Looking for matching resources in directory tree [/home/bridgelabz/swetalina/Fundoonotes/FundooNoteMicroservice/target/test-classes/com]
12:01:41.817 [main] DEBUG org.springframework.core.io.support.PathMatchingResourcePatternResolver - Searching directory [/home/bridgelabz/swetalina/Fundoonotes/FundooNoteMicroservice/target/test-classes/com] for files matching pattern [/home/bridgelabz/swetalina/Fundoonotes/FundooNoteMicroservice/target/test-classes/com/*.class]
12:01:41.817 [main] DEBUG org.springframework.core.io.support.PathMatchingResourcePatternResolver - Looking for matching resources in directory tree [/home/bridgelabz/swetalina/Fundoonotes/FundooNoteMicroservice/target/classes/com]
12:01:41.817 [main] DEBUG org.springframework.core.io.support.PathMatchingResourcePatternResolver - Searching directory [/home/bridgelabz/swetalina/Fundoonotes/FundooNoteMicroservice/target/classes/com] for files matching pattern [/home/bridgelabz/swetalina/Fundoonotes/FundooNoteMicroservice/target/classes/com/*.class]
12:01:41.818 [main] DEBUG org.springframework.core.io.support.PathMatchingResourcePatternResolver - Looking for matching resources in jar file [file:/home/bridgelabz/.m2/repository/com/fasterxml/jackson/datatype/jackson-datatype-jdk8/2.9.6/jackson-datatype-jdk8-2.9.6.jar]
12:01:41.828 [main] DEBUG org.springframework.core.io.support.PathMatchingResourcePatternResolver - Looking for matching resources in jar file [file:/home/bridgelabz/.m2/repository/com/fasterxml/jackson/datatype/jackson-datatype-jsr310/2.9.6/jackson-datatype-jsr310-2.9.6.jar]
12:01:41.830 [main] DEBUG org.springframework.core.io.support.PathMatchingResourcePatternResolver - Looking for matching resources in jar file [file:/home/bridgelabz/.m2/repository/com/fasterxml/jackson/module/jackson-module-parameter-names/2.9.6/jackson-module-parameter-names-2.9.6.jar]
12:01:41.830 [main] DEBUG org.springframework.core.io.support.PathMatchingResourcePatternResolver - Looking for matching resources in jar file [file:/home/bridgelabz/.m2/repository/com/netflix/eureka/eureka-client/1.9.3/eureka-client-1.9.3.jar]
12:01:41.835 [main] DEBUG org.springframework.core.io.support.PathMatchingResourcePatternResolver - Looking for matching resources in jar file [file:/home/bridgelabz/.m2/repository/com/netflix/netflix-commons/netflix-eventbus/0.3.0/netflix-eventbus-0.3.0.jar]
12:01:41.836 [main] DEBUG org.springframework.core.io.support.PathMatchingResourcePatternResolver - Looking for matching resources in jar file [file:/home/bridgelabz/.m2/repository/com/netflix/netflix-commons/netflix-infix/0.3.0/netflix-infix-0.3.0.jar]
12:01:41.837 [main] DEBUG org.springframework.core.io.support.PathMatchingResourcePatternResolver - Looking for matching resources in jar file [file:/home/bridgelabz/.m2/repository/com/google/code/gson/gson/2.8.5/gson-2.8.5.jar]
12:01:41.839 [main] DEBUG org.springframework.core.io.support.PathMatchingResourcePatternResolver - Looking for matching resources in jar file [file:/home/bridgelabz/.m2/repository/com/netflix/archaius/archaius-core/0.7.6/archaius-core-0.7.6.jar]
12:01:41.840 [main] DEBUG org.springframework.core.io.support.PathMatchingResourcePatternResolver - Looking for matching resources in jar file [file:/home/bridgelabz/.m2/repository/com/netflix/servo/servo-core/0.12.21/servo-core-0.12.21.jar]
12:01:41.841 [main] DEBUG org.springframework.core.io.support.PathMatchingResourcePatternResolver - Looking for matching resources in jar file [file:/home/bridgelabz/.m2/repository/com/sun/jersey/jersey-core/1.19.1/jersey-core-1.19.1.jar]
12:01:41.843 [main] DEBUG org.springframework.core.io.support.PathMatchingResourcePatternResolver - Looking for matching resources in jar file [file:/home/bridgelabz/.m2/repository/com/sun/jersey/jersey-client/1.19.1/jersey-client-1.19.1.jar]
12:01:41.844 [main] DEBUG org.springframework.core.io.support.PathMatchingResourcePatternResolver - Looking for matching resources in jar file [file:/home/bridgelabz/.m2/repository/com/sun/jersey/contribs/jersey-apache-client4/1.19.1/jersey-apache-client4-1.19.1.jar]
12:01:41.844 [main] DEBUG org.springframework.core.io.support.PathMatchingResourcePatternResolver - Looking for matching resources in jar file [file:/home/bridgelabz/.m2/repository/com/google/inject/guice/4.1.0/guice-4.1.0.jar]
12:01:41.846 [main] DEBUG org.springframework.core.io.support.PathMatchingResourcePatternResolver - Looking for matching resources in jar file [file:/home/bridgelabz/.m2/repository/com/github/andrewoma/dexx/dexx-collections/0.2/dexx-collections-0.2.jar]
12:01:41.847 [main] DEBUG org.springframework.core.io.support.PathMatchingResourcePatternResolver - Looking for matching resources in jar file [file:/home/bridgelabz/.m2/repository/com/fasterxml/jackson/core/jackson-annotations/2.9.0/jackson-annotations-2.9.0.jar]
12:01:41.848 [main] DEBUG org.springframework.core.io.support.PathMatchingResourcePatternResolver - Looking for matching resources in jar file [file:/home/bridgelabz/.m2/repository/com/fasterxml/jackson/core/jackson-core/2.9.6/jackson-core-2.9.6.jar]
12:01:41.849 [main] DEBUG org.springframework.core.io.support.PathMatchingResourcePatternResolver - Looking for matching resources in jar file [file:/home/bridgelabz/.m2/repository/com/netflix/eureka/eureka-core/1.9.3/eureka-core-1.9.3.jar]
12:01:41.849 [main] DEBUG org.springframework.core.io.support.PathMatchingResourcePatternResolver - Looking for matching resources in jar file [file:/home/bridgelabz/.m2/repository/org/codehaus/woodstox/woodstox-core-asl/4.4.1/woodstox-core-asl-4.4.1.jar]
12:01:41.851 [main] DEBUG org.springframework.core.io.support.PathMatchingResourcePatternResolver - Looking for matching resources in jar file [file:/home/bridgelabz/.m2/repository/com/netflix/ribbon/ribbon/2.2.5/ribbon-2.2.5.jar]
12:01:41.851 [main] DEBUG org.springframework.core.io.support.PathMatchingResourcePatternResolver - Looking for matching resources in jar file [file:/home/bridgelabz/.m2/repository/com/netflix/ribbon/ribbon-transport/2.2.5/ribbon-transport-2.2.5.jar]
12:01:41.852 [main] DEBUG org.springframework.core.io.support.PathMatchingResourcePatternResolver - Looking for matching resources in jar file [file:/home/bridgelabz/.m2/repository/io/reactivex/rxnetty-contexts/0.4.9/rxnetty-contexts-0.4.9.jar]
12:01:41.852 [main] DEBUG org.springframework.core.io.support.PathMatchingResourcePatternResolver - Looking for matching resources in jar file [file:/home/bridgelabz/.m2/repository/com/netflix/hystrix/hystrix-core/1.5.12/hystrix-core-1.5.12.jar]
12:01:41.854 [main] DEBUG org.springframework.core.io.support.PathMatchingResourcePatternResolver - Looking for matching resources in jar file [file:/home/bridgelabz/.m2/repository/com/netflix/ribbon/ribbon-core/2.2.5/ribbon-core-2.2.5.jar]
12:01:41.855 [main] DEBUG org.springframework.core.io.support.PathMatchingResourcePatternResolver - Looking for matching resources in jar file [file:/home/bridgelabz/.m2/repository/com/netflix/ribbon/ribbon-httpclient/2.2.5/ribbon-httpclient-2.2.5.jar]
12:01:41.855 [main] DEBUG org.springframework.core.io.support.PathMatchingResourcePatternResolver - Looking for matching resources in jar file [file:/home/bridgelabz/.m2/repository/com/netflix/netflix-commons/netflix-commons-util/0.3.0/netflix-commons-util-0.3.0.jar]
12:01:41.857 [main] DEBUG org.springframework.core.io.support.PathMatchingResourcePatternResolver - Looking for matching resources in jar file [file:/home/bridgelabz/.m2/repository/com/netflix/ribbon/ribbon-loadbalancer/2.2.5/ribbon-loadbalancer-2.2.5.jar]
12:01:41.858 [main] DEBUG org.springframework.core.io.support.PathMatchingResourcePatternResolver - Looking for matching resources in jar file [file:/home/bridgelabz/.m2/repository/com/netflix/netflix-commons/netflix-statistics/0.1.1/netflix-statistics-0.1.1.jar]
12:01:41.858 [main] DEBUG org.springframework.core.io.support.PathMatchingResourcePatternResolver - Looking for matching resources in jar file [file:/home/bridgelabz/.m2/repository/com/netflix/ribbon/ribbon-eureka/2.2.5/ribbon-eureka-2.2.5.jar]
12:01:41.858 [main] DEBUG org.springframework.core.io.support.PathMatchingResourcePatternResolver - Looking for matching resources in jar file [file:/home/bridgelabz/.m2/repository/com/thoughtworks/xstream/xstream/1.4.10/xstream-1.4.10.jar]
12:01:41.861 [main] DEBUG org.springframework.core.io.support.PathMatchingResourcePatternResolver - Looking for matching resources in jar file [file:/home/bridgelabz/.m2/repository/com/sun/jersey/jersey-servlet/1.19.1/jersey-servlet-1.19.1.jar]
12:01:41.861 [main] DEBUG org.springframework.core.io.support.PathMatchingResourcePatternResolver - Looking for matching resources in jar file [file:/home/bridgelabz/.m2/repository/com/sun/jersey/jersey-server/1.19.1/jersey-server-1.19.1.jar]
12:01:41.864 [main] DEBUG org.springframework.core.io.support.PathMatchingResourcePatternResolver - Looking for matching resources in jar file [file:/home/bridgelabz/.m2/repository/com/fasterxml/jackson/dataformat/jackson-dataformat-xml/2.9.6/jackson-dataformat-xml-2.9.6.jar]
12:01:41.864 [main] DEBUG org.springframework.core.io.support.PathMatchingResourcePatternResolver - Looking for matching resources in jar file [file:/home/bridgelabz/.m2/repository/com/fasterxml/jackson/module/jackson-module-jaxb-annotations/2.9.6/jackson-module-jaxb-annotations-2.9.6.jar]
12:01:41.865 [main] DEBUG org.springframework.core.io.support.PathMatchingResourcePatternResolver - Looking for matching resources in jar file [file:/home/bridgelabz/.m2/repository/com/fasterxml/woodstox/woodstox-core/5.0.3/woodstox-core-5.0.3.jar]
12:01:41.866 [main] DEBUG org.springframework.core.io.support.PathMatchingResourcePatternResolver - Looking for matching resources in jar file [file:/home/bridgelabz/.m2/repository/com/jayway/jsonpath/json-path/2.4.0/json-path-2.4.0.jar]
12:01:41.867 [main] DEBUG org.springframework.core.io.support.PathMatchingResourcePatternResolver - Looking for matching resources in jar file [file:/home/bridgelabz/.m2/repository/org/mongodb/mongodb-driver/3.6.4/mongodb-driver-3.6.4.jar]
12:01:41.868 [main] DEBUG org.springframework.core.io.support.PathMatchingResourcePatternResolver - Looking for matching resources in jar file [file:/home/bridgelabz/.m2/repository/org/mongodb/mongodb-driver-core/3.6.4/mongodb-driver-core-3.6.4.jar]
12:01:41.872 [main] DEBUG org.springframework.core.io.support.PathMatchingResourcePatternResolver - Looking for matching resources in jar file [file:/home/bridgelabz/.m2/repository/com/google/guava/guava/18.0/guava-18.0.jar]
12:01:41.879 [main] DEBUG org.springframework.core.io.support.PathMatchingResourcePatternResolver - Looking for matching resources in jar file [file:/home/bridgelabz/.m2/repository/com/fasterxml/classmate/1.3.4/classmate-1.3.4.jar]
12:01:41.879 [main] DEBUG org.springframework.core.io.support.PathMatchingResourcePatternResolver - Looking for matching resources in jar file [file:/home/bridgelabz/.m2/repository/com/fasterxml/jackson/core/jackson-databind/2.9.6/jackson-databind-2.9.6.jar]
12:01:41.882 [main] DEBUG org.springframework.core.io.support.PathMatchingResourcePatternResolver - Looking for matching resources in jar file [file:/home/bridgelabz/.m2/repository/com/sun/mail/javax.mail/1.6.1/javax.mail-1.6.1.jar]
12:01:41.883 [main] DEBUG org.springframework.core.io.support.PathMatchingResourcePatternResolver - Looking for matching resources in jar file [file:/home/bridgelabz/.m2/repository/javax/activation/activation/1.1/activation-1.1.jar]
12:01:41.883 [main] DEBUG org.springframework.core.io.support.PathMatchingResourcePatternResolver - Looking for matching resources in jar file [file:/home/bridgelabz/.m2/repository/com/rabbitmq/amqp-client/5.1.2/amqp-client-5.1.2.jar]
12:01:41.884 [main] DEBUG org.springframework.core.io.support.PathMatchingResourcePatternResolver - Looking for matching resources in jar file [file:/home/bridgelabz/.m2/repository/com/carrotsearch/hppc/0.7.1/hppc-0.7.1.jar]
12:01:41.887 [main] DEBUG org.springframework.core.io.support.PathMatchingResourcePatternResolver - Looking for matching resources in jar file [file:/home/bridgelabz/.m2/repository/com/fasterxml/jackson/dataformat/jackson-dataformat-smile/2.9.6/jackson-dataformat-smile-2.9.6.jar]
12:01:41.887 [main] DEBUG org.springframework.core.io.support.PathMatchingResourcePatternResolver - Looking for matching resources in jar file [file:/home/bridgelabz/.m2/repository/com/fasterxml/jackson/dataformat/jackson-dataformat-yaml/2.9.6/jackson-dataformat-yaml-2.9.6.jar]
12:01:41.888 [main] DEBUG org.springframework.core.io.support.PathMatchingResourcePatternResolver - Looking for matching resources in jar file [file:/home/bridgelabz/.m2/repository/com/fasterxml/jackson/dataformat/jackson-dataformat-cbor/2.9.6/jackson-dataformat-cbor-2.9.6.jar]
12:01:41.888 [main] DEBUG org.springframework.core.io.support.PathMatchingResourcePatternResolver - Looking for matching resources in jar file [file:/home/bridgelabz/.m2/repository/com/tdunning/t-digest/3.0/t-digest-3.0.jar]
12:01:41.888 [main] DEBUG org.springframework.core.io.support.PathMatchingResourcePatternResolver - Looking for matching resources in jar file [file:/home/bridgelabz/.m2/repository/com/github/spullara/mustache/java/compiler/0.9.3/compiler-0.9.3.jar]
12:01:41.889 [main] DEBUG org.springframework.core.io.support.PathMatchingResourcePatternResolver - Looking for matching resources in jar file [file:/home/bridgelabz/.m2/repository/com/vividsolutions/jts/1.13/jts-1.13.jar]
12:01:41.891 [main] DEBUG org.springframework.core.io.support.PathMatchingResourcePatternResolver - Looking for matching resources in jar file [file:/home/bridgelabz/.m2/repository/org/elasticsearch/jna/4.4.0-1/jna-4.4.0-1.jar]
12:01:41.891 [main] DEBUG org.springframework.core.io.support.PathMatchingResourcePatternResolver - Resolved location pattern [classpath*:com/*.class] to resources []
]]></system-out>
  </testcase>
</testsuite>